#
# There is insufficient memory for the Java Runtime Environment to continue.
# Native memory allocation (mmap) failed to map 1048576 bytes for G1 virtual space
# Possible reasons:
#   The system is out of physical RAM or swap space
#   The process is running with CompressedOops enabled, and the Java Heap may be blocking the growth of the native heap
# Possible solutions:
#   Reduce memory load on the system
#   Increase physical memory or swap space
#   Check if swap backing store is full
#   Decrease Java heap size (-Xmx/-Xms)
#   Decrease number of Java threads
#   Decrease Java thread stack sizes (-Xss)
#   Set larger code cache with -XX:ReservedCodeCacheSize=
#   JVM is running with Unscaled Compressed Oops mode in which the Java heap is
#     placed in the first 4GB address space. The Java Heap base address is the
#     maximum limit for the native heap growth. Please use -XX:HeapBaseMinAddress
#     to set the Java Heap base and to place the Java Heap above 4GB virtual address.
# This output file may be truncated or incomplete.
#
#  Out of Memory Error (os_windows.cpp:3559), pid=11568, tid=18572
#
# JRE version: OpenJDK Runtime Environment Temurin-17.0.7+7 (17.0.7+7) (build 17.0.7+7)
# Java VM: OpenJDK 64-Bit Server VM Temurin-17.0.7+7 (17.0.7+7, mixed mode, emulated-client, tiered, compressed oops, compressed class ptrs, g1 gc, windows-amd64)
# No core dump will be written. Minidumps are not enabled by default on client versions of Windows
#

---------------  S U M M A R Y ------------

Command Line: -Dcom.sun.management.jmxremote -Dcom.sun.management.jmxremote.port=56585 -Dcom.sun.management.jmxremote.authenticate=false -Dcom.sun.management.jmxremote.ssl=false -Djava.rmi.server.hostname=localhost -Dspring.jmx.enabled=true -Dmanagement.endpoints.jmx.exposure.include=* -Dspring.application.admin.enabled=true -XX:TieredStopAtLevel=1 -Dspring.boot.project.name=Service-Registry -Dfile.encoding=UTF-8 -XX:+ShowCodeDetailsInExceptionMessages com.registry.Service_Registry.ServiceRegistryApplication --spring.output.ansi.enabled=always

Host: Intel(R) Core(TM) i5-8350U CPU @ 1.70GHz, 8 cores, 7G,  Windows 11 , 64 bit Build 26100 (10.0.26100.2454)
Time: Thu Dec 19 14:45:05 2024 India Standard Time elapsed time: 54.840990 seconds (0d 0h 0m 54s)

---------------  T H R E A D  ---------------

Current thread (0x000001700da33040):  VMThread "VM Thread" [stack: 0x0000000811500000,0x0000000811600000] [id=18572]

Stack: [0x0000000811500000,0x0000000811600000]
Native frames: (J=compiled Java code, j=interpreted, Vv=VM code, C=native code)
V  [jvm.dll+0x67754a]
V  [jvm.dll+0x834304]
V  [jvm.dll+0x835aae]
V  [jvm.dll+0x836113]
V  [jvm.dll+0x24696f]
V  [jvm.dll+0x6743f9]
V  [jvm.dll+0x668c8a]
V  [jvm.dll+0x3061bb]
V  [jvm.dll+0x30d6a6]
V  [jvm.dll+0x35cece]
V  [jvm.dll+0x35d0ff]
V  [jvm.dll+0x2dd048]
V  [jvm.dll+0x2e00d6]
V  [jvm.dll+0x2ea7a8]
V  [jvm.dll+0x31e8f0]
V  [jvm.dll+0x83a5bb]
V  [jvm.dll+0x83b2f4]
V  [jvm.dll+0x83b80c]
V  [jvm.dll+0x83bbe4]
V  [jvm.dll+0x83bcb0]
V  [jvm.dll+0x7e4e7a]
V  [jvm.dll+0x676395]
C  [ucrtbase.dll+0x14ea0]
C  [KERNEL32.DLL+0x2e8d7]
C  [ntdll.dll+0xdfbcc]

VM_Operation (0x00000008111ff390): G1Concurrent, mode: safepoint, requested by thread 0x000001707f45e000


---------------  P R O C E S S  ---------------

Threads class SMR info:
_java_thread_list=0x0000017012cb6c10, length=50, elements={
0x000001700da370d0, 0x000001700da38ba0, 0x000001700da828d0, 0x000001700da852a0,
0x000001700da85b60, 0x000001700da88430, 0x000001700da88da0, 0x000001700dabb670,
0x000001700d9be070, 0x000001700dc982b0, 0x00000170125a8040, 0x0000017012593d00,
0x0000017012740400, 0x0000017012ed29c0, 0x0000017012fddde0, 0x0000017012fe6b20,
0x0000017013043830, 0x00000170131aa0c0, 0x00000170131aaa60, 0x00000170131ad0e0,
0x00000170131a9bf0, 0x00000170131acc10, 0x00000170131a9720, 0x00000170131aaf30,
0x00000170131ab400, 0x00000170131ab8d0, 0x00000170131abda0, 0x00000170131ac740,
0x0000017014002b90, 0x0000017014003ed0, 0x0000017014001d20, 0x00000170140026c0,
0x00000170140021f0, 0x0000017014000eb0, 0x0000017014003060, 0x0000017014003530,
0x00000170140009e0, 0x0000017014001380, 0x0000017014003a00, 0x0000017014000510,
0x0000017014001850, 0x0000017012dc7ae0, 0x0000017012dc4f90, 0x0000017012dc5e00,
0x0000017012dc5460, 0x0000017012dc67a0, 0x0000017012dc5930, 0x0000017012dc6c70,
0x0000017012dc62d0, 0x0000017012dc7140
}

Java Threads: ( => current thread )
  0x000001700da370d0 JavaThread "Reference Handler" daemon [_thread_blocked, id=13308, stack(0x0000000811600000,0x0000000811700000)]
  0x000001700da38ba0 JavaThread "Finalizer" daemon [_thread_blocked, id=21308, stack(0x0000000811700000,0x0000000811800000)]
  0x000001700da828d0 JavaThread "Signal Dispatcher" daemon [_thread_blocked, id=4896, stack(0x0000000811800000,0x0000000811900000)]
  0x000001700da852a0 JavaThread "Attach Listener" daemon [_thread_blocked, id=1740, stack(0x0000000811900000,0x0000000811a00000)]
  0x000001700da85b60 JavaThread "Service Thread" daemon [_thread_blocked, id=17056, stack(0x0000000811a00000,0x0000000811b00000)]
  0x000001700da88430 JavaThread "Monitor Deflation Thread" daemon [_thread_blocked, id=3120, stack(0x0000000811b00000,0x0000000811c00000)]
  0x000001700da88da0 JavaThread "C1 CompilerThread0" daemon [_thread_blocked, id=19164, stack(0x0000000811c00000,0x0000000811d00000)]
  0x000001700dabb670 JavaThread "Sweeper thread" daemon [_thread_blocked, id=12196, stack(0x0000000811d00000,0x0000000811e00000)]
  0x000001700d9be070 JavaThread "Common-Cleaner" daemon [_thread_blocked, id=26564, stack(0x0000000811e00000,0x0000000811f00000)]
  0x000001700dc982b0 JavaThread "Notification Thread" daemon [_thread_blocked, id=11624, stack(0x0000000812200000,0x0000000812300000)]
  0x00000170125a8040 JavaThread "RMI TCP Accept-0" daemon [_thread_in_native, id=22412, stack(0x0000000812300000,0x0000000812400000)]
  0x0000017012593d00 JavaThread "RMI TCP Accept-56585" daemon [_thread_in_native, id=25776, stack(0x0000000812400000,0x0000000812500000)]
  0x0000017012740400 JavaThread "RMI TCP Accept-0" daemon [_thread_in_native, id=20624, stack(0x0000000812500000,0x0000000812600000)]
  0x0000017012ed29c0 JavaThread "RMI TCP Connection(idle)" daemon [_thread_blocked, id=14896, stack(0x0000000812700000,0x0000000812800000)]
  0x0000017012fddde0 JavaThread "RMI Scheduler(0)" daemon [_thread_blocked, id=4412, stack(0x0000000813000000,0x0000000813100000)]
  0x0000017012fe6b20 JavaThread "RMI TCP Connection(idle)" daemon [_thread_blocked, id=17400, stack(0x0000000813100000,0x0000000813200000)]
  0x0000017013043830 JavaThread "JMX server connection timeout 22" daemon [_thread_blocked, id=15628, stack(0x0000000813200000,0x0000000813300000)]
  0x00000170131aa0c0 JavaThread "Catalina-utility-1" [_thread_blocked, id=10596, stack(0x0000000813300000,0x0000000813400000)]
  0x00000170131aaa60 JavaThread "Catalina-utility-2" [_thread_blocked, id=22864, stack(0x0000000813500000,0x0000000813600000)]
  0x00000170131ad0e0 JavaThread "container-0" [_thread_blocked, id=18792, stack(0x0000000813600000,0x0000000813700000)]
  0x00000170131a9bf0 JavaThread "spring.cloud.inetutils" daemon [_thread_blocked, id=9916, stack(0x0000000813700000,0x0000000813800000)]
  0x00000170131acc10 JavaThread "spectator-gauge-polling-0" daemon [_thread_blocked, id=17576, stack(0x0000000813800000,0x0000000813900000)]
  0x00000170131a9720 JavaThread "Eureka-DeltaRetentionTimer" daemon [_thread_blocked, id=12612, stack(0x0000000813900000,0x0000000813a00000)]
  0x00000170131aaf30 JavaThread "Eureka-EvictionTimer" daemon [_thread_blocked, id=6088, stack(0x0000000813a00000,0x0000000813b00000)]
  0x00000170131ab400 JavaThread "Eureka-MeasureRateTimer" daemon [_thread_blocked, id=22028, stack(0x0000000813b00000,0x0000000813c00000)]
  0x00000170131ab8d0 JavaThread "ReplicaAwareInstanceRegistry - RenewalThresholdUpdater" daemon [_thread_blocked, id=12056, stack(0x0000000813c00000,0x0000000813d00000)]
  0x00000170131abda0 JavaThread "Eureka-MeasureRateTimer" daemon [_thread_blocked, id=6604, stack(0x0000000813d00000,0x0000000813e00000)]
  0x00000170131ac740 JavaThread "Eureka-PeerNodesUpdater" daemon [_thread_blocked, id=9228, stack(0x0000000813e00000,0x0000000813f00000)]
  0x0000017014002b90 JavaThread "Eureka-CacheFillTimer" daemon [_thread_blocked, id=23004, stack(0x0000000813f00000,0x0000000814000000)]
  0x0000017014003ed0 JavaThread "http-nio-8761-exec-1" daemon [_thread_blocked, id=24572, stack(0x0000000814100000,0x0000000814200000)]
  0x0000017014001d20 JavaThread "http-nio-8761-exec-2" daemon [_thread_blocked, id=21096, stack(0x0000000814200000,0x0000000814300000)]
  0x00000170140026c0 JavaThread "http-nio-8761-exec-3" daemon [_thread_blocked, id=15060, stack(0x0000000814300000,0x0000000814400000)]
  0x00000170140021f0 JavaThread "http-nio-8761-exec-4" daemon [_thread_blocked, id=10052, stack(0x0000000814400000,0x0000000814500000)]
  0x0000017014000eb0 JavaThread "http-nio-8761-exec-5" daemon [_thread_blocked, id=4256, stack(0x0000000814500000,0x0000000814600000)]
  0x0000017014003060 JavaThread "http-nio-8761-exec-6" daemon [_thread_blocked, id=15568, stack(0x0000000814600000,0x0000000814700000)]
  0x0000017014003530 JavaThread "http-nio-8761-exec-7" daemon [_thread_blocked, id=2704, stack(0x0000000814700000,0x0000000814800000)]
  0x00000170140009e0 JavaThread "http-nio-8761-exec-8" daemon [_thread_blocked, id=23308, stack(0x0000000814800000,0x0000000814900000)]
  0x0000017014001380 JavaThread "http-nio-8761-exec-9" daemon [_thread_blocked, id=17604, stack(0x0000000814900000,0x0000000814a00000)]
  0x0000017014003a00 JavaThread "http-nio-8761-exec-10" daemon [_thread_blocked, id=21660, stack(0x0000000814a00000,0x0000000814b00000)]
  0x0000017014000510 JavaThread "http-nio-8761-Poller" daemon [_thread_blocked, id=16896, stack(0x0000000814000000,0x0000000814100000)]
  0x0000017014001850 JavaThread "http-nio-8761-Acceptor" daemon [_thread_in_native, id=20256, stack(0x0000000814b00000,0x0000000814c00000)]
  0x0000017012dc7ae0 JavaThread "DestroyJavaVM" [_thread_blocked, id=25564, stack(0x0000000810f00000,0x0000000811000000)]
  0x0000017012dc4f90 JavaThread "RMI TCP Connection(idle)" daemon [_thread_blocked, id=10384, stack(0x0000000814c00000,0x0000000814d00000)]
  0x0000017012dc5e00 JavaThread "RMI TCP Connection(idle)" daemon [_thread_blocked, id=2344, stack(0x0000000814e00000,0x0000000814f00000)]
  0x0000017012dc5460 JavaThread "RMI TCP Connection(idle)" daemon [_thread_blocked, id=22636, stack(0x0000000814f00000,0x0000000815000000)]
  0x0000017012dc67a0 JavaThread "RMI TCP Connection(idle)" daemon [_thread_blocked, id=20712, stack(0x0000000815000000,0x0000000815100000)]
  0x0000017012dc5930 JavaThread "RMI TCP Connection(idle)" daemon [_thread_blocked, id=4776, stack(0x0000000815200000,0x0000000815300000)]
  0x0000017012dc6c70 JavaThread "RMI TCP Connection(idle)" daemon [_thread_blocked, id=6148, stack(0x0000000814d00000,0x0000000814e00000)]
  0x0000017012dc62d0 JavaThread "RMI TCP Connection(9)-127.0.0.1" daemon [_thread_blocked, id=14032, stack(0x0000000812000000,0x0000000812100000)]
  0x0000017012dc7140 JavaThread "JMX server connection timeout 64" daemon [_thread_blocked, id=5168, stack(0x0000000812100000,0x0000000812200000)]

Other Threads:
=>0x000001700da33040 VMThread "VM Thread" [stack: 0x0000000811500000,0x0000000811600000] [id=18572]
  0x00000170125941d0 WatcherThread [stack: 0x0000000812600000,0x0000000812700000] [id=6844]
  0x000001707f44d5f0 GCTaskThread "GC Thread#0" [stack: 0x0000000811000000,0x0000000811100000] [id=5964]
  0x0000017012ee2c30 GCTaskThread "GC Thread#1" [stack: 0x0000000812800000,0x0000000812900000] [id=10604]
  0x0000017012f66030 GCTaskThread "GC Thread#2" [stack: 0x0000000812900000,0x0000000812a00000] [id=19860]
  0x0000017012fb9cb0 GCTaskThread "GC Thread#3" [stack: 0x0000000812a00000,0x0000000812b00000] [id=20244]
  0x0000017012fb9f60 GCTaskThread "GC Thread#4" [stack: 0x0000000812b00000,0x0000000812c00000] [id=24944]
  0x0000017012fca630 GCTaskThread "GC Thread#5" [stack: 0x0000000812c00000,0x0000000812d00000] [id=7480]
  0x0000017012fcb100 GCTaskThread "GC Thread#6" [stack: 0x0000000812d00000,0x0000000812e00000] [id=8824]
  0x0000017012fcb3b0 GCTaskThread "GC Thread#7" [stack: 0x0000000812e00000,0x0000000812f00000] [id=18796]
  0x000001707f45e000 ConcurrentGCThread "G1 Main Marker" [stack: 0x0000000811100000,0x0000000811200000] [id=22260]
  0x000001707f45e920 ConcurrentGCThread "G1 Conc#0" [stack: 0x0000000811200000,0x0000000811300000] [id=15284]
  0x0000017013158c80 ConcurrentGCThread "G1 Conc#1" [stack: 0x0000000813400000,0x0000000813500000] [id=10376]
  0x000001707f49e660 ConcurrentGCThread "G1 Refine#0" [stack: 0x0000000811300000,0x0000000811400000] [id=2244]
  0x0000017012fcba70 ConcurrentGCThread "G1 Refine#1" [stack: 0x0000000812f00000,0x0000000813000000] [id=21292]
  0x000001700d88b580 ConcurrentGCThread "G1 Service" [stack: 0x0000000811400000,0x0000000811500000] [id=11660]

Threads with active compile tasks:
C1 CompilerThread0    54890 6031       1       java.nio.charset.CharsetDecoder::implReset (1 bytes)

VM state: at safepoint (normal execution)

VM Mutex/Monitor currently owned by a thread:  ([mutex/lock_event])
[0x000001707f3eacd0] Threads_lock - owner thread: 0x000001700da33040
[0x000001707f3eb540] Heap_lock - owner thread: 0x000001707f45e000

Heap address: 0x0000000082200000, size: 2014 MB, Compressed Oops mode: 32-bit

CDS archive(s) not mapped
Compressed class space mapped at: 0x0000000100000000-0x0000000140000000, reserved size: 1073741824
Narrow klass base: 0x0000000000000000, Narrow klass shift: 3, Narrow klass range: 0x140000000

GC Precious Log:
 CPUs: 8 total, 8 available
 Memory: 8050M
 Large Page Support: Disabled
 NUMA Support: Disabled
 Compressed Oops: Enabled (32-bit)
 Heap Region Size: 1M
 Heap Min Capacity: 8M
 Heap Initial Capacity: 126M
 Heap Max Capacity: 2014M
 Pre-touch: Disabled
 Parallel Workers: 8
 Concurrent Workers: 2
 Concurrent Refinement Workers: 8
 Periodic GC: Disabled

Heap:
 garbage-first heap   total 59392K, used 32946K [0x0000000082200000, 0x0000000100000000)
  region size 1024K, 5 young (5120K), 3 survivors (3072K)
 Metaspace       used 58088K, committed 59008K, reserved 1114112K
  class space    used 7896K, committed 8256K, reserved 1048576K

Heap Regions: E=young(eden), S=young(survivor), O=old, HS=humongous(starts), HC=humongous(continues), CS=collection set, F=free, OA=open archive, CA=closed archive, TAMS=top-at-mark-start (previous, next)
|   0|0x0000000082200000, 0x0000000082300000, 0x0000000082300000|100%|HS|  |TAMS 0x0000000082300000, 0x0000000082200000| Complete 
|   1|0x0000000082300000, 0x0000000082400000, 0x0000000082400000|100%| O|  |TAMS 0x0000000082400000, 0x0000000082300000| Untracked 
|   2|0x0000000082400000, 0x0000000082500000, 0x0000000082500000|100%| O|  |TAMS 0x0000000082500000, 0x0000000082400000| Untracked 
|   3|0x0000000082500000, 0x0000000082600000, 0x0000000082600000|100%| O|  |TAMS 0x0000000082600000, 0x0000000082500000| Untracked 
|   4|0x0000000082600000, 0x0000000082700000, 0x0000000082700000|100%| O|  |TAMS 0x0000000082700000, 0x0000000082600000| Untracked 
|   5|0x0000000082700000, 0x0000000082800000, 0x0000000082800000|100%| O|  |TAMS 0x0000000082800000, 0x0000000082700000| Untracked 
|   6|0x0000000082800000, 0x0000000082900000, 0x0000000082900000|100%| O|  |TAMS 0x0000000082900000, 0x0000000082800000| Untracked 
|   7|0x0000000082900000, 0x0000000082a00000, 0x0000000082a00000|100%| O|  |TAMS 0x0000000082a00000, 0x0000000082900000| Updating 
|   8|0x0000000082a00000, 0x0000000082a70e00, 0x0000000082b00000| 44%| O|  |TAMS 0x0000000082a70e00, 0x0000000082a00000| Updating 
|   9|0x0000000082b00000, 0x0000000082c00000, 0x0000000082c00000|100%| O|  |TAMS 0x0000000082c00000, 0x0000000082b00000| Updating 
|  10|0x0000000082c00000, 0x0000000082d00000, 0x0000000082d00000|100%| O|  |TAMS 0x0000000082d00000, 0x0000000082c00000| Updating 
|  11|0x0000000082d00000, 0x0000000082e00000, 0x0000000082e00000|100%| O|  |TAMS 0x0000000082e00000, 0x0000000082d00000| Updating 
|  12|0x0000000082e00000, 0x0000000082f00000, 0x0000000082f00000|100%| O|  |TAMS 0x0000000082f00000, 0x0000000082e00000| Updating 
|  13|0x0000000082f00000, 0x0000000083000000, 0x0000000083000000|100%| O|  |TAMS 0x0000000083000000, 0x0000000082f00000| Updating 
|  14|0x0000000083000000, 0x0000000083100000, 0x0000000083100000|100%| O|  |TAMS 0x0000000083100000, 0x0000000083000000| Updating 
|  15|0x0000000083100000, 0x0000000083200000, 0x0000000083200000|100%| O|  |TAMS 0x0000000083200000, 0x0000000083100000| Updating 
|  16|0x0000000083200000, 0x0000000083300000, 0x0000000083300000|100%| O|  |TAMS 0x0000000083300000, 0x0000000083200000| Updating 
|  17|0x0000000083300000, 0x0000000083400000, 0x0000000083400000|100%| O|  |TAMS 0x0000000083400000, 0x0000000083300000| Updating 
|  18|0x0000000083400000, 0x0000000083500000, 0x0000000083500000|100%| O|  |TAMS 0x0000000083500000, 0x0000000083400000| Updating 
|  19|0x0000000083500000, 0x0000000083600000, 0x0000000083600000|100%| O|  |TAMS 0x0000000083600000, 0x0000000083500000| Updating 
|  20|0x0000000083600000, 0x0000000083700000, 0x0000000083700000|100%| O|  |TAMS 0x0000000083700000, 0x0000000083600000| Updating 
|  21|0x0000000083700000, 0x0000000083800000, 0x0000000083800000|100%| O|  |TAMS 0x0000000083800000, 0x0000000083700000| Updating 
|  22|0x0000000083800000, 0x0000000083900000, 0x0000000083900000|100%| O|  |TAMS 0x0000000083900000, 0x0000000083800000| Updating 
|  23|0x0000000083900000, 0x0000000083a00000, 0x0000000083a00000|100%| O|  |TAMS 0x0000000083a00000, 0x0000000083900000| Updating 
|  24|0x0000000083a00000, 0x0000000083b00000, 0x0000000083b00000|100%| O|  |TAMS 0x0000000083b00000, 0x0000000083a00000| Untracked 
|  25|0x0000000083b00000, 0x0000000083c00000, 0x0000000083c00000|100%| O|  |TAMS 0x0000000083c00000, 0x0000000083b00000| Updating 
|  26|0x0000000083c00000, 0x0000000083d00000, 0x0000000083d00000|100%| O|  |TAMS 0x0000000083d00000, 0x0000000083c00000| Updating 
|  27|0x0000000083d00000, 0x0000000083e00000, 0x0000000083e00000|100%| O|  |TAMS 0x0000000083de0c00, 0x0000000083d00000| Updating 
|  28|0x0000000083e00000, 0x0000000083f00000, 0x0000000083f00000|100%| O|  |TAMS 0x0000000083e00000, 0x0000000083e00000| Untracked 
|  29|0x0000000083f00000, 0x0000000083f1de00, 0x0000000084000000| 11%| O|  |TAMS 0x0000000083f00000, 0x0000000083f00000| Updating 
|  30|0x0000000084000000, 0x0000000084000000, 0x0000000084100000|  0%| F|  |TAMS 0x0000000084000000, 0x0000000084000000| Untracked 
|  31|0x0000000084100000, 0x0000000084100000, 0x0000000084200000|  0%| F|  |TAMS 0x0000000084100000, 0x0000000084100000| Untracked 
|  32|0x0000000084200000, 0x0000000084200000, 0x0000000084300000|  0%| F|  |TAMS 0x0000000084200000, 0x0000000084200000| Untracked 
|  33|0x0000000084300000, 0x0000000084300000, 0x0000000084400000|  0%| F|  |TAMS 0x0000000084300000, 0x0000000084300000| Untracked 
|  34|0x0000000084400000, 0x0000000084400000, 0x0000000084500000|  0%| F|  |TAMS 0x0000000084400000, 0x0000000084400000| Untracked 
|  35|0x0000000084500000, 0x000000008459dee0, 0x0000000084600000| 61%| S|CS|TAMS 0x0000000084500000, 0x0000000084500000| Complete 
|  36|0x0000000084600000, 0x0000000084600000, 0x0000000084700000|  0%| F|  |TAMS 0x0000000084600000, 0x0000000084600000| Untracked 
|  37|0x0000000084700000, 0x0000000084700000, 0x0000000084800000|  0%| F|  |TAMS 0x0000000084700000, 0x0000000084700000| Untracked 
|  38|0x0000000084800000, 0x0000000084900000, 0x0000000084900000|100%| S|CS|TAMS 0x0000000084800000, 0x0000000084800000| Complete 
|  39|0x0000000084900000, 0x0000000084a00000, 0x0000000084a00000|100%| S|CS|TAMS 0x0000000084900000, 0x0000000084900000| Complete 
|  40|0x0000000084a00000, 0x0000000084a00000, 0x0000000084b00000|  0%| F|  |TAMS 0x0000000084a00000, 0x0000000084a00000| Untracked 
|  41|0x0000000084b00000, 0x0000000084b00000, 0x0000000084c00000|  0%| F|  |TAMS 0x0000000084b00000, 0x0000000084b00000| Untracked 
|  42|0x0000000084c00000, 0x0000000084c00000, 0x0000000084d00000|  0%| F|  |TAMS 0x0000000084c00000, 0x0000000084c00000| Untracked 
|  43|0x0000000084d00000, 0x0000000084d00000, 0x0000000084e00000|  0%| F|  |TAMS 0x0000000084d00000, 0x0000000084d00000| Untracked 
|  44|0x0000000084e00000, 0x0000000084e00000, 0x0000000084f00000|  0%| F|  |TAMS 0x0000000084e00000, 0x0000000084e00000| Untracked 
|  45|0x0000000084f00000, 0x0000000084f00000, 0x0000000085000000|  0%| F|  |TAMS 0x0000000084f00000, 0x0000000084f00000| Untracked 
|  46|0x0000000085000000, 0x0000000085000000, 0x0000000085100000|  0%| F|  |TAMS 0x0000000085000000, 0x0000000085000000| Untracked 
|  47|0x0000000085100000, 0x0000000085100000, 0x0000000085200000|  0%| F|  |TAMS 0x0000000085100000, 0x0000000085100000| Untracked 
|  48|0x0000000085200000, 0x0000000085200000, 0x0000000085300000|  0%| F|  |TAMS 0x0000000085200000, 0x0000000085200000| Untracked 
|  49|0x0000000085300000, 0x0000000085300000, 0x0000000085400000|  0%| F|  |TAMS 0x0000000085300000, 0x0000000085300000| Untracked 
|  50|0x0000000085400000, 0x0000000085400000, 0x0000000085500000|  0%| F|  |TAMS 0x0000000085400000, 0x0000000085400000| Untracked 
|  51|0x0000000085500000, 0x0000000085500000, 0x0000000085600000|  0%| F|  |TAMS 0x0000000085500000, 0x0000000085500000| Untracked 
|  52|0x0000000085600000, 0x0000000085600000, 0x0000000085700000|  0%| F|  |TAMS 0x0000000085600000, 0x0000000085600000| Untracked 
|  53|0x0000000085700000, 0x0000000085700000, 0x0000000085800000|  0%| F|  |TAMS 0x0000000085700000, 0x0000000085700000| Untracked 
|  54|0x0000000085800000, 0x0000000085800000, 0x0000000085900000|  0%| F|  |TAMS 0x0000000085800000, 0x0000000085800000| Untracked 
| 117|0x0000000089700000, 0x0000000089700000, 0x0000000089800000|  0%| F|  |TAMS 0x0000000089700000, 0x0000000089700000| Untracked 
| 118|0x0000000089800000, 0x0000000089862350, 0x0000000089900000| 38%| E|  |TAMS 0x0000000089800000, 0x0000000089800000| Complete 
| 125|0x0000000089f00000, 0x000000008a000000, 0x000000008a000000|100%| E|CS|TAMS 0x0000000089f00000, 0x0000000089f00000| Complete 

Card table byte_map: [0x00000170069e0000,0x0000017006dd0000] _byte_map_base: 0x00000170065cf000

Marking Bits (Prev, Next): (CMBitMap*) 0x000001707f44db10, (CMBitMap*) 0x000001707f44db50
 Prev Bits: [0x00000170071c0000, 0x0000017009138000)
 Next Bits: [0x0000017009140000, 0x000001700b0b8000)

Polling page: 0x000001707f4a0000

Metaspace:

Usage:
  Non-class:     49.01 MB used.
      Class:      7.71 MB used.
       Both:     56.73 MB used.

Virtual space:
  Non-class space:       64.00 MB reserved,      49.56 MB ( 77%) committed,  1 nodes.
      Class space:        1.00 GB reserved,       8.06 MB ( <1%) committed,  1 nodes.
             Both:        1.06 GB reserved,      57.62 MB (  5%) committed. 

Chunk freelists:
   Non-Class:  14.51 MB
       Class:  8.10 MB
        Both:  22.61 MB

MaxMetaspaceSize: unlimited
CompressedClassSpaceSize: 1.00 GB
Initial GC threshold: 21.00 MB
Current GC threshold: 87.50 MB
CDS: off
MetaspaceReclaimPolicy: balanced
 - commit_granule_bytes: 65536.
 - commit_granule_words: 8192.
 - virtual_space_node_default_size: 8388608.
 - enlarge_chunks_in_place: 1.
 - new_chunks_are_fully_committed: 0.
 - uncommit_free_chunks: 1.
 - use_allocation_guard: 0.
 - handle_deallocations: 1.


Internal statistics:

num_allocs_failed_limit: 6.
num_arena_births: 888.
num_arena_deaths: 270.
num_vsnodes_births: 2.
num_vsnodes_deaths: 0.
num_space_committed: 922.
num_space_uncommitted: 0.
num_chunks_returned_to_freelist: 321.
num_chunks_taken_from_freelist: 2865.
num_chunk_merges: 109.
num_chunk_splits: 1896.
num_chunks_enlarged: 1335.
num_inconsistent_stats: 0.

CodeCache: size=49152Kb used=10848Kb max_used=12034Kb free=38304Kb
 bounds [0x00000170035f0000, 0x00000170041c0000, 0x00000170065f0000]
 total_blobs=6621 nmethods=6029 adapters=518
 compilation: enabled
              stopped_count=0, restarted_count=0
 full_count=0

Compilation events (20 events):
Event: 52.461 Thread 0x000001700da88da0 nmethod 6020 0x000001700384c490 code [0x000001700384c620, 0x000001700384c6d8]
Event: 52.461 Thread 0x000001700da88da0 6021       1       java.util.concurrent.ScheduledThreadPoolExecutor$DelayedWorkQueue::take (5 bytes)
Event: 52.461 Thread 0x000001700da88da0 nmethod 6021 0x000001700384c190 code [0x000001700384c320, 0x000001700384c408]
Event: 52.692 Thread 0x000001700da88da0 6022       1       java.lang.invoke.LambdaForm::arity (5 bytes)
Event: 52.693 Thread 0x000001700da88da0 nmethod 6022 0x000001700384b290 code [0x000001700384b420, 0x000001700384b4f8]
Event: 52.764 Thread 0x000001700da88da0 6024       1       java.util.Arrays::sort (24 bytes)
Event: 52.764 Thread 0x000001700da88da0 nmethod 6024 0x000001700384a390 code [0x000001700384a520, 0x000001700384a608]
Event: 52.767 Thread 0x000001700da88da0 6025       1       java.util.TreeMap::<init> (20 bytes)
Event: 52.767 Thread 0x000001700da88da0 nmethod 6025 0x000001700384a090 code [0x000001700384a220, 0x000001700384a318]
Event: 52.767 Thread 0x000001700da88da0 6026       1       java.util.TreeMap$KeySet::contains (11 bytes)
Event: 52.767 Thread 0x000001700da88da0 nmethod 6026 0x0000017003849d90 code [0x0000017003849f20, 0x000001700384a008]
Event: 52.768 Thread 0x000001700da88da0 6027       1       javax.management.openmbean.CompositeDataSupport::get (73 bytes)
Event: 52.769 Thread 0x000001700da88da0 nmethod 6027 0x0000017003849410 code [0x0000017003849660, 0x0000017003849af8]
Event: 52.769 Thread 0x000001700da88da0 6028       1       javax.management.openmbean.CompositeDataSupport::getCompositeType (5 bytes)
Event: 52.769 Thread 0x000001700da88da0 nmethod 6028 0x0000017003849110 code [0x00000170038492a0, 0x0000017003849378]
Event: 52.787 Thread 0x000001700da88da0 6029 %     1       java.util.Properties$LineReader::readLine @ 293 (584 bytes)
Event: 52.790 Thread 0x000001700da88da0 nmethod 6029% 0x0000017003847190 code [0x0000017003847420, 0x0000017003848758]
Event: 52.811 Thread 0x000001700da88da0 6030       1       java.nio.charset.CharsetDecoder::reset (11 bytes)
Event: 52.811 Thread 0x000001700da88da0 nmethod 6030 0x0000017003846890 code [0x0000017003846a20, 0x0000017003846af8]
Event: 52.811 Thread 0x000001700da88da0 6031       1       java.nio.charset.CharsetDecoder::implReset (1 bytes)

GC Heap History (20 events):
Event: 6.695 GC heap before
{Heap before GC invocations=10 (full 0):
 garbage-first heap   total 49152K, used 27180K [0x0000000082200000, 0x0000000100000000)
  region size 1024K, 13 young (13312K), 3 survivors (3072K)
 Metaspace       used 35688K, committed 36096K, reserved 1114112K
  class space    used 4497K, committed 4736K, reserved 1048576K
}
Event: 6.706 GC heap after
{Heap after GC invocations=11 (full 0):
 garbage-first heap   total 49152K, used 19892K [0x0000000082200000, 0x0000000100000000)
  region size 1024K, 3 young (3072K), 3 survivors (3072K)
 Metaspace       used 35688K, committed 36096K, reserved 1114112K
  class space    used 4497K, committed 4736K, reserved 1048576K
}
Event: 7.781 GC heap before
{Heap before GC invocations=12 (full 0):
 garbage-first heap   total 49152K, used 38324K [0x0000000082200000, 0x0000000100000000)
  region size 1024K, 20 young (20480K), 3 survivors (3072K)
 Metaspace       used 38389K, committed 38784K, reserved 1114112K
  class space    used 4856K, committed 5056K, reserved 1048576K
}
Event: 7.791 GC heap after
{Heap after GC invocations=13 (full 0):
 garbage-first heap   total 49152K, used 21156K [0x0000000082200000, 0x0000000100000000)
  region size 1024K, 3 young (3072K), 3 survivors (3072K)
 Metaspace       used 38389K, committed 38784K, reserved 1114112K
  class space    used 4856K, committed 5056K, reserved 1048576K
}
Event: 7.985 GC heap before
{Heap before GC invocations=13 (full 0):
 garbage-first heap   total 49152K, used 36516K [0x0000000082200000, 0x0000000100000000)
  region size 1024K, 19 young (19456K), 3 survivors (3072K)
 Metaspace       used 38556K, committed 39040K, reserved 1114112K
  class space    used 4884K, committed 5120K, reserved 1048576K
}
Event: 7.995 GC heap after
{Heap after GC invocations=14 (full 0):
 garbage-first heap   total 59392K, used 22089K [0x0000000082200000, 0x0000000100000000)
  region size 1024K, 3 young (3072K), 3 survivors (3072K)
 Metaspace       used 38556K, committed 39040K, reserved 1114112K
  class space    used 4884K, committed 5120K, reserved 1048576K
}
Event: 8.842 GC heap before
{Heap before GC invocations=14 (full 0):
 garbage-first heap   total 59392K, used 45641K [0x0000000082200000, 0x0000000100000000)
  region size 1024K, 26 young (26624K), 3 survivors (3072K)
 Metaspace       used 41835K, committed 42304K, reserved 1114112K
  class space    used 5392K, committed 5632K, reserved 1048576K
}
Event: 8.850 GC heap after
{Heap after GC invocations=15 (full 0):
 garbage-first heap   total 59392K, used 22979K [0x0000000082200000, 0x0000000100000000)
  region size 1024K, 2 young (2048K), 2 survivors (2048K)
 Metaspace       used 41835K, committed 42304K, reserved 1114112K
  class space    used 5392K, committed 5632K, reserved 1048576K
}
Event: 9.567 GC heap before
{Heap before GC invocations=15 (full 0):
 garbage-first heap   total 59392K, used 45507K [0x0000000082200000, 0x0000000100000000)
  region size 1024K, 25 young (25600K), 2 survivors (2048K)
 Metaspace       used 45600K, committed 46080K, reserved 1114112K
  class space    used 5971K, committed 6208K, reserved 1048576K
}
Event: 9.578 GC heap after
{Heap after GC invocations=16 (full 0):
 garbage-first heap   total 59392K, used 24637K [0x0000000082200000, 0x0000000100000000)
  region size 1024K, 4 young (4096K), 4 survivors (4096K)
 Metaspace       used 45600K, committed 46080K, reserved 1114112K
  class space    used 5971K, committed 6208K, reserved 1048576K
}
Event: 10.179 GC heap before
{Heap before GC invocations=16 (full 0):
 garbage-first heap   total 59392K, used 47165K [0x0000000082200000, 0x0000000100000000)
  region size 1024K, 26 young (26624K), 4 survivors (4096K)
 Metaspace       used 47990K, committed 48512K, reserved 1114112K
  class space    used 6330K, committed 6592K, reserved 1048576K
}
Event: 10.185 GC heap after
{Heap after GC invocations=17 (full 0):
 garbage-first heap   total 59392K, used 26491K [0x0000000082200000, 0x0000000100000000)
  region size 1024K, 4 young (4096K), 4 survivors (4096K)
 Metaspace       used 47990K, committed 48512K, reserved 1114112K
  class space    used 6330K, committed 6592K, reserved 1048576K
}
Event: 10.823 GC heap before
{Heap before GC invocations=17 (full 0):
 garbage-first heap   total 59392K, used 46971K [0x0000000082200000, 0x0000000100000000)
  region size 1024K, 24 young (24576K), 4 survivors (4096K)
 Metaspace       used 51053K, committed 51584K, reserved 1114112K
  class space    used 6853K, committed 7104K, reserved 1048576K
}
Event: 10.826 GC heap after
{Heap after GC invocations=18 (full 0):
 garbage-first heap   total 59392K, used 28326K [0x0000000082200000, 0x0000000100000000)
  region size 1024K, 2 young (2048K), 2 survivors (2048K)
 Metaspace       used 51053K, committed 51584K, reserved 1114112K
  class space    used 6853K, committed 7104K, reserved 1048576K
}
Event: 11.374 GC heap before
{Heap before GC invocations=18 (full 0):
 garbage-first heap   total 59392K, used 46758K [0x0000000082200000, 0x0000000100000000)
  region size 1024K, 20 young (20480K), 2 survivors (2048K)
 Metaspace       used 52797K, committed 53312K, reserved 1114112K
  class space    used 7151K, committed 7360K, reserved 1048576K
}
Event: 11.379 GC heap after
{Heap after GC invocations=19 (full 0):
 garbage-first heap   total 59392K, used 29331K [0x0000000082200000, 0x0000000100000000)
  region size 1024K, 3 young (3072K), 3 survivors (3072K)
 Metaspace       used 52797K, committed 53312K, reserved 1114112K
  class space    used 7151K, committed 7360K, reserved 1048576K
}
Event: 12.134 GC heap before
{Heap before GC invocations=20 (full 0):
 garbage-first heap   total 59392K, used 46739K [0x0000000082200000, 0x0000000100000000)
  region size 1024K, 20 young (20480K), 3 survivors (3072K)
 Metaspace       used 55407K, committed 56000K, reserved 1114112K
  class space    used 7525K, committed 7808K, reserved 1048576K
}
Event: 12.140 GC heap after
{Heap after GC invocations=21 (full 0):
 garbage-first heap   total 59392K, used 30830K [0x0000000082200000, 0x0000000100000000)
  region size 1024K, 3 young (3072K), 3 survivors (3072K)
 Metaspace       used 55407K, committed 56000K, reserved 1114112K
  class space    used 7525K, committed 7808K, reserved 1048576K
}
Event: 52.751 GC heap before
{Heap before GC invocations=21 (full 0):
 garbage-first heap   total 59392K, used 47214K [0x0000000082200000, 0x0000000100000000)
  region size 1024K, 20 young (20480K), 3 survivors (3072K)
 Metaspace       used 58045K, committed 58624K, reserved 1114112K
  class space    used 7918K, committed 8192K, reserved 1048576K
}
Event: 52.763 GC heap after
{Heap after GC invocations=22 (full 0):
 garbage-first heap   total 59392K, used 31922K [0x0000000082200000, 0x0000000100000000)
  region size 1024K, 3 young (3072K), 3 survivors (3072K)
 Metaspace       used 58045K, committed 58624K, reserved 1114112K
  class space    used 7918K, committed 8192K, reserved 1048576K
}

Dll operation events (9 events):
Event: 0.113 Loaded shared library D:\Downloads\Applications\sts-4.18.1.RELEASE\plugins\org.eclipse.justj.openjdk.hotspot.jre.full.win32.x86_64_17.0.7.v20230425-1502\jre\bin\java.dll
Event: 0.813 Loaded shared library D:\Downloads\Applications\sts-4.18.1.RELEASE\plugins\org.eclipse.justj.openjdk.hotspot.jre.full.win32.x86_64_17.0.7.v20230425-1502\jre\bin\jimage.dll
Event: 0.859 Loaded shared library D:\Downloads\Applications\sts-4.18.1.RELEASE\plugins\org.eclipse.justj.openjdk.hotspot.jre.full.win32.x86_64_17.0.7.v20230425-1502\jre\bin\net.dll
Event: 0.863 Loaded shared library D:\Downloads\Applications\sts-4.18.1.RELEASE\plugins\org.eclipse.justj.openjdk.hotspot.jre.full.win32.x86_64_17.0.7.v20230425-1502\jre\bin\nio.dll
Event: 0.872 Loaded shared library D:\Downloads\Applications\sts-4.18.1.RELEASE\plugins\org.eclipse.justj.openjdk.hotspot.jre.full.win32.x86_64_17.0.7.v20230425-1502\jre\bin\zip.dll
Event: 1.078 Loaded shared library D:\Downloads\Applications\sts-4.18.1.RELEASE\plugins\org.eclipse.justj.openjdk.hotspot.jre.full.win32.x86_64_17.0.7.v20230425-1502\jre\bin\management.dll
Event: 1.108 Loaded shared library D:\Downloads\Applications\sts-4.18.1.RELEASE\plugins\org.eclipse.justj.openjdk.hotspot.jre.full.win32.x86_64_17.0.7.v20230425-1502\jre\bin\management_ext.dll
Event: 4.374 Loaded shared library D:\Downloads\Applications\sts-4.18.1.RELEASE\plugins\org.eclipse.justj.openjdk.hotspot.jre.full.win32.x86_64_17.0.7.v20230425-1502\jre\bin\sunmscapi.dll
Event: 7.630 Loaded shared library D:\Downloads\Applications\sts-4.18.1.RELEASE\plugins\org.eclipse.justj.openjdk.hotspot.jre.full.win32.x86_64_17.0.7.v20230425-1502\jre\bin\verify.dll

Deoptimization events (8 events):
Event: 3.623 Thread 0x000001707f3f06a0 DEOPT PACKING pc=0x0000017003bdbb99 sp=0x0000000810ffd730
Event: 3.623 Thread 0x000001707f3f06a0 DEOPT UNPACKING pc=0x0000017003647143 sp=0x0000000810ffcc10 mode 3
Event: 4.715 Thread 0x000001707f3f06a0 DEOPT PACKING pc=0x0000017003cbb9d5 sp=0x0000000810ffe720
Event: 4.715 Thread 0x000001707f3f06a0 DEOPT UNPACKING pc=0x0000017003647143 sp=0x0000000810ffdbc8 mode 3
Event: 6.821 Thread 0x000001707f3f06a0 DEOPT PACKING pc=0x0000017003e6df7d sp=0x0000000810ffd820
Event: 6.821 Thread 0x000001707f3f06a0 DEOPT UNPACKING pc=0x0000017003647143 sp=0x0000000810ffcd88 mode 3
Event: 14.947 Thread 0x0000017012dc62d0 DEOPT PACKING pc=0x0000017003899d14 sp=0x00000008120fc550
Event: 14.947 Thread 0x0000017012dc62d0 DEOPT UNPACKING pc=0x0000017003647143 sp=0x00000008120fba00 mode 0

Classes unloaded (20 events):
Event: 52.815 Thread 0x000001700da33040 Unloading class 0x0000000100158000 'java/lang/invoke/LambdaForm$MH+0x0000000100158000'
Event: 52.815 Thread 0x000001700da33040 Unloading class 0x000000010014c400 'java/lang/invoke/LambdaForm$MH+0x000000010014c400'
Event: 52.815 Thread 0x000001700da33040 Unloading class 0x0000000100143c00 'java/lang/invoke/LambdaForm$MH+0x0000000100143c00'
Event: 52.815 Thread 0x000001700da33040 Unloading class 0x0000000100143800 'java/lang/invoke/LambdaForm$MH+0x0000000100143800'
Event: 52.815 Thread 0x000001700da33040 Unloading class 0x0000000100143400 'java/lang/invoke/LambdaForm$MH+0x0000000100143400'
Event: 52.815 Thread 0x000001700da33040 Unloading class 0x0000000100143000 'java/lang/invoke/LambdaForm$MH+0x0000000100143000'
Event: 52.815 Thread 0x000001700da33040 Unloading class 0x0000000100142c00 'java/lang/invoke/LambdaForm$MH+0x0000000100142c00'
Event: 52.815 Thread 0x000001700da33040 Unloading class 0x0000000100142800 'java/lang/invoke/LambdaForm$MH+0x0000000100142800'
Event: 52.815 Thread 0x000001700da33040 Unloading class 0x0000000100141800 'jdk/internal/reflect/GeneratedSerializationConstructorAccessor3'
Event: 52.815 Thread 0x000001700da33040 Unloading class 0x0000000100141400 'jdk/internal/reflect/GeneratedSerializationConstructorAccessor2'
Event: 52.815 Thread 0x000001700da33040 Unloading class 0x0000000100141000 'jdk/internal/reflect/GeneratedSerializationConstructorAccessor1'
Event: 52.815 Thread 0x000001700da33040 Unloading class 0x0000000100140800 'java/lang/invoke/LambdaForm$DMH+0x0000000100140800'
Event: 52.815 Thread 0x000001700da33040 Unloading class 0x0000000100140000 'java/lang/invoke/LambdaForm$DMH+0x0000000100140000'
Event: 52.815 Thread 0x000001700da33040 Unloading class 0x00000001000c6c00 'jdk/internal/reflect/GeneratedConstructorAccessor1'
Event: 52.815 Thread 0x000001700da33040 Unloading class 0x00000001000c3c00 'java/lang/invoke/LambdaForm$MH+0x00000001000c3c00'
Event: 52.815 Thread 0x000001700da33040 Unloading class 0x00000001000c3800 'java/lang/invoke/LambdaForm$MH+0x00000001000c3800'
Event: 52.815 Thread 0x000001700da33040 Unloading class 0x00000001000c3000 'java/lang/invoke/LambdaForm$MH+0x00000001000c3000'
Event: 52.815 Thread 0x000001700da33040 Unloading class 0x00000001000c2400 'java/lang/invoke/LambdaForm$MH+0x00000001000c2400'
Event: 52.815 Thread 0x000001700da33040 Unloading class 0x00000001000c1c00 'java/lang/invoke/LambdaForm$MH+0x00000001000c1c00'
Event: 52.815 Thread 0x000001700da33040 Unloading class 0x00000001000c1400 'java/lang/invoke/LambdaForm$MH+0x00000001000c1400'

Classes redefined (0 events):
No events

Internal exceptions (20 events):
Event: 14.672 Thread 0x0000017012dc62d0 Exception <a 'java/lang/ClassNotFoundException'{0x00000000854e8fa0}: org/springframework/context/support/LiveBeansView> (0x00000000854e8fa0) 
thrown [s\src\hotspot\share\classfile\systemDictionary.cpp, line 256]
Event: 14.672 Thread 0x0000017012dc62d0 Exception <a 'java/lang/ClassNotFoundException'{0x00000000854e9350}: org/springframework/boot/actuate/endpoint/jmx/EndpointMBean> (0x00000000854e9350) 
thrown [s\src\hotspot\share\classfile\systemDictionary.cpp, line 256]
Event: 14.672 Thread 0x0000017012dc62d0 Exception <a 'java/lang/ClassNotFoundException'{0x00000000854e9700}: org/springframework/boot/actuate/endpoint/jmx/DataEndpointMBean> (0x00000000854e9700) 
thrown [s\src\hotspot\share\classfile\systemDictionary.cpp, line 256]
Event: 14.673 Thread 0x0000017012dc62d0 Exception <a 'java/lang/ClassNotFoundException'{0x00000000854e9aa8}: org/springframework/context/support/LiveBeansView> (0x00000000854e9aa8) 
thrown [s\src\hotspot\share\classfile\systemDictionary.cpp, line 256]
Event: 14.678 Thread 0x0000017012dc62d0 Exception <a 'java/lang/ClassNotFoundException'{0x0000000085338768}: org/springframework/boot/actuate/endpoint/jmx/EndpointMBean> (0x0000000085338768) 
thrown [s\src\hotspot\share\classfile\systemDictionary.cpp, line 256]
Event: 14.681 Thread 0x0000017012dc62d0 Exception <a 'java/lang/ClassNotFoundException'{0x0000000085381ca0}: org/springframework/boot/actuate/endpoint/jmx/DataEndpointMBean> (0x0000000085381ca0) 
thrown [s\src\hotspot\share\classfile\systemDictionary.cpp, line 256]
Event: 14.685 Thread 0x0000017012dc62d0 Exception <a 'java/lang/ClassNotFoundException'{0x00000000853cb218}: org/springframework/context/support/LiveBeansView> (0x00000000853cb218) 
thrown [s\src\hotspot\share\classfile\systemDictionary.cpp, line 256]
Event: 14.686 Thread 0x0000017012dc62d0 Exception <a 'java/lang/ClassNotFoundException'{0x00000000853d17f8}: org/springframework/boot/actuate/endpoint/jmx/EndpointMBean> (0x00000000853d17f8) 
thrown [s\src\hotspot\share\classfile\systemDictionary.cpp, line 256]
Event: 14.686 Thread 0x0000017012dc62d0 Exception <a 'java/lang/ClassNotFoundException'{0x00000000853d1bb0}: org/springframework/boot/actuate/endpoint/jmx/DataEndpointMBean> (0x00000000853d1bb0) 
thrown [s\src\hotspot\share\classfile\systemDictionary.cpp, line 256]
Event: 14.686 Thread 0x0000017012dc62d0 Exception <a 'java/lang/ClassNotFoundException'{0x00000000853d1f60}: org/springframework/context/support/LiveBeansView> (0x00000000853d1f60) 
thrown [s\src\hotspot\share\classfile\systemDictionary.cpp, line 256]
Event: 14.686 Thread 0x0000017012dc62d0 Exception <a 'java/lang/ClassNotFoundException'{0x00000000853d2318}: org/springframework/boot/actuate/endpoint/jmx/EndpointMBean> (0x00000000853d2318) 
thrown [s\src\hotspot\share\classfile\systemDictionary.cpp, line 256]
Event: 14.686 Thread 0x0000017012dc62d0 Exception <a 'java/lang/ClassNotFoundException'{0x00000000853d26d0}: org/springframework/boot/actuate/endpoint/jmx/DataEndpointMBean> (0x00000000853d26d0) 
thrown [s\src\hotspot\share\classfile\systemDictionary.cpp, line 256]
Event: 14.686 Thread 0x0000017012dc62d0 Exception <a 'java/lang/ClassNotFoundException'{0x00000000853d2a80}: org/springframework/context/support/LiveBeansView> (0x00000000853d2a80) 
thrown [s\src\hotspot\share\classfile\systemDictionary.cpp, line 256]
Event: 14.713 Thread 0x0000017012dc62d0 Exception <a 'java/lang/NoSuchMethodError'{0x0000000085219460}: 'java.lang.Object java.lang.invoke.DirectMethodHandle$Holder.newInvokeSpecial(java.lang.Object, java.lang.Object, java.lang.Object, java.lang.Object, int)'> (0x0000000085219460) 
thrown [s\src\hotspot\share\interpreter\linkResolver.cpp, line 759]
Event: 14.713 Thread 0x0000017012dc62d0 Exception <a 'java/lang/NoSuchMethodError'{0x000000008521d6a0}: 'java.lang.Object java.lang.invoke.DirectMethodHandle$Holder.invokeSpecial(java.lang.Object, java.lang.Object, java.lang.Object, java.lang.Object, java.lang.Object, int)'> (0x000000008521d6a0) 
thrown [s\src\hotspot\share\interpreter\linkResolver.cpp, line 759]
Event: 14.713 Thread 0x0000017012dc62d0 Exception <a 'java/lang/NoSuchMethodError'{0x0000000085221188}: 'java.lang.Object java.lang.invoke.Invokers$Holder.linkToTargetMethod(java.lang.Object, java.lang.Object, java.lang.Object, int, java.lang.Object)'> (0x0000000085221188) 
thrown [s\src\hotspot\share\interpreter\linkResolver.cpp, line 759]
Event: 14.865 Thread 0x0000017012dc62d0 Exception <a 'java/lang/reflect/InvocationTargetException'{0x00000000850d3c60}> (0x00000000850d3c60) 
thrown [s\src\hotspot\share\runtime\reflection.cpp, line 1121]
Event: 14.996 Thread 0x0000017012dc62d0 Exception <a 'java/lang/reflect/InvocationTargetException'{0x0000000084ef0160}> (0x0000000084ef0160) 
thrown [s\src\hotspot\share\runtime\reflection.cpp, line 1121]
Event: 52.698 Thread 0x0000017014001d20 Exception <a 'java/lang/NoSuchMethodError'{0x0000000084b290b0}: 'java.lang.Object java.lang.invoke.DirectMethodHandle$Holder.invokeSpecial(java.lang.Object, java.lang.Object, java.lang.Object, java.lang.Object, java.lang.Object, long)'> (0x0000000084b290b0) 
thrown [s\src\hotspot\share\interpreter\linkResolver.cpp, line 759]
Event: 52.699 Thread 0x0000017014001d20 Exception <a 'java/lang/NoSuchMethodError'{0x0000000084b2cb18}: 'java.lang.Object java.lang.invoke.Invokers$Holder.linkToTargetMethod(java.lang.Object, java.lang.Object, java.lang.Object, long, java.lang.Object)'> (0x0000000084b2cb18) 
thrown [s\src\hotspot\share\interpreter\linkResolver.cpp, line 759]

VM Operations (20 events):
Event: 12.547 Executing VM operation: HandshakeAllThreads done
Event: 13.547 Executing VM operation: Cleanup
Event: 13.547 Executing VM operation: Cleanup done
Event: 14.547 Executing VM operation: Cleanup
Event: 14.548 Executing VM operation: Cleanup done
Event: 14.909 Executing VM operation: HandshakeAllThreads
Event: 14.909 Executing VM operation: HandshakeAllThreads done
Event: 14.947 Executing VM operation: HandshakeAllThreads
Event: 14.947 Executing VM operation: HandshakeAllThreads done
Event: 15.947 Executing VM operation: Cleanup
Event: 15.947 Executing VM operation: Cleanup done
Event: 52.587 Executing VM operation: HandshakeAllThreads
Event: 52.589 Executing VM operation: HandshakeAllThreads done
Event: 52.742 Executing VM operation: HandshakeAllThreads
Event: 52.742 Executing VM operation: HandshakeAllThreads done
Event: 52.742 Executing VM operation: Cleanup
Event: 52.742 Executing VM operation: Cleanup done
Event: 52.751 Executing VM operation: G1CollectForAllocation
Event: 52.763 Executing VM operation: G1CollectForAllocation done
Event: 52.811 Executing VM operation: G1Concurrent

Events (20 events):
Event: 52.592 loading class sun/nio/ch/SocketChannelImpl$DefaultOptionsHolder
Event: 52.592 loading class sun/nio/ch/SocketChannelImpl$DefaultOptionsHolder done
Event: 52.595 loading class sun/nio/ch/SelectionKeyImpl
Event: 52.596 loading class java/nio/channels/spi/AbstractSelectionKey
Event: 52.596 loading class java/nio/channels/SelectionKey
Event: 52.596 loading class java/nio/channels/SelectionKey done
Event: 52.596 loading class java/nio/channels/spi/AbstractSelectionKey done
Event: 52.596 loading class sun/nio/ch/SelectionKeyImpl done
Event: 52.598 loading class java/lang/invoke/ConstantBootstraps
Event: 52.599 loading class java/lang/invoke/ConstantBootstraps done
Event: 52.708 loading class sun/nio/cs/ThreadLocalCoders
Event: 52.708 loading class sun/nio/cs/ThreadLocalCoders done
Event: 52.708 loading class sun/nio/cs/ThreadLocalCoders$1
Event: 52.709 loading class sun/nio/cs/ThreadLocalCoders$Cache
Event: 52.709 loading class sun/nio/cs/ThreadLocalCoders$Cache done
Event: 52.709 loading class sun/nio/cs/ThreadLocalCoders$1 done
Event: 52.709 loading class sun/nio/cs/ThreadLocalCoders$2
Event: 52.709 loading class sun/nio/cs/ThreadLocalCoders$2 done
Event: 52.799 loading class java/util/function/DoubleSupplier
Event: 52.799 loading class java/util/function/DoubleSupplier done


Dynamic libraries:
0x00007ff7878b0000 - 0x00007ff7878be000 	D:\Downloads\Applications\sts-4.18.1.RELEASE\plugins\org.eclipse.justj.openjdk.hotspot.jre.full.win32.x86_64_17.0.7.v20230425-1502\jre\bin\javaw.exe
0x00007fff04960000 - 0x00007fff04bc3000 	C:\WINDOWS\SYSTEM32\ntdll.dll
0x00007fff04010000 - 0x00007fff040d8000 	C:\WINDOWS\System32\KERNEL32.DLL
0x00007fff01e20000 - 0x00007fff021d2000 	C:\WINDOWS\System32\KERNELBASE.dll
0x00007fff02360000 - 0x00007fff024ab000 	C:\WINDOWS\System32\ucrtbase.dll
0x00007ffef6470000 - 0x00007ffef6487000 	D:\Downloads\Applications\sts-4.18.1.RELEASE\plugins\org.eclipse.justj.openjdk.hotspot.jre.full.win32.x86_64_17.0.7.v20230425-1502\jre\bin\jli.dll
0x00007fff04290000 - 0x00007fff04458000 	C:\WINDOWS\System32\USER32.dll
0x00007fff01d30000 - 0x00007fff01d57000 	C:\WINDOWS\System32\win32u.dll
0x00007fff02aa0000 - 0x00007fff02aca000 	C:\WINDOWS\System32\GDI32.dll
0x00007fff02540000 - 0x00007fff0266b000 	C:\WINDOWS\System32\gdi32full.dll
0x00007fff02670000 - 0x00007fff02713000 	C:\WINDOWS\System32\msvcp_win.dll
0x00007ffeedac0000 - 0x00007ffeedad9000 	D:\Downloads\Applications\sts-4.18.1.RELEASE\plugins\org.eclipse.justj.openjdk.hotspot.jre.full.win32.x86_64_17.0.7.v20230425-1502\jre\bin\VCRUNTIME140.dll
0x00007ffee97f0000 - 0x00007ffee9a80000 	C:\WINDOWS\WinSxS\amd64_microsoft.windows.common-controls_6595b64144ccf1df_6.0.26100.2454_none_3e0b68a2e331ad60\COMCTL32.dll
0x00007fff02e90000 - 0x00007fff02f39000 	C:\WINDOWS\System32\msvcrt.dll
0x00007fff04240000 - 0x00007fff0426f000 	C:\WINDOWS\System32\IMM32.DLL
0x00007ffef9f60000 - 0x00007ffef9f6c000 	D:\Downloads\Applications\sts-4.18.1.RELEASE\plugins\org.eclipse.justj.openjdk.hotspot.jre.full.win32.x86_64_17.0.7.v20230425-1502\jre\bin\vcruntime140_1.dll
0x00007ffec41a0000 - 0x00007ffec4231000 	D:\Downloads\Applications\sts-4.18.1.RELEASE\plugins\org.eclipse.justj.openjdk.hotspot.jre.full.win32.x86_64_17.0.7.v20230425-1502\jre\bin\msvcp140.dll
0x00007ffe7e9e0000 - 0x00007ffe7f628000 	D:\Downloads\Applications\sts-4.18.1.RELEASE\plugins\org.eclipse.justj.openjdk.hotspot.jre.full.win32.x86_64_17.0.7.v20230425-1502\jre\bin\server\jvm.dll
0x00007fff02c30000 - 0x00007fff02ce4000 	C:\WINDOWS\System32\ADVAPI32.dll
0x00007fff03dc0000 - 0x00007fff03e66000 	C:\WINDOWS\System32\sechost.dll
0x00007fff02cf0000 - 0x00007fff02e06000 	C:\WINDOWS\System32\RPCRT4.dll
0x00007ffee9380000 - 0x00007ffee93b6000 	C:\WINDOWS\SYSTEM32\WINMM.dll
0x00007ffede0d0000 - 0x00007ffede0da000 	C:\WINDOWS\SYSTEM32\WSOCK32.dll
0x00007fff02e10000 - 0x00007fff02e84000 	C:\WINDOWS\System32\WS2_32.dll
0x00007ffef2760000 - 0x00007ffef276b000 	C:\WINDOWS\SYSTEM32\VERSION.dll
0x00007fff00c40000 - 0x00007fff00c5a000 	C:\WINDOWS\SYSTEM32\kernel.appcore.dll
0x00007ffefa110000 - 0x00007ffefa11a000 	D:\Downloads\Applications\sts-4.18.1.RELEASE\plugins\org.eclipse.justj.openjdk.hotspot.jre.full.win32.x86_64_17.0.7.v20230425-1502\jre\bin\jimage.dll
0x00007ffefb990000 - 0x00007ffefbbd1000 	C:\WINDOWS\SYSTEM32\DBGHELP.DLL
0x00007fff04500000 - 0x00007fff0487e000 	C:\WINDOWS\System32\combase.dll
0x00007fff03130000 - 0x00007fff03206000 	C:\WINDOWS\System32\OLEAUT32.dll
0x00007ffee8e50000 - 0x00007ffee8e89000 	C:\WINDOWS\SYSTEM32\dbgcore.DLL
0x00007fff02720000 - 0x00007fff027b9000 	C:\WINDOWS\System32\bcryptPrimitives.dll
0x00007ffed10c0000 - 0x00007ffed10e5000 	D:\Downloads\Applications\sts-4.18.1.RELEASE\plugins\org.eclipse.justj.openjdk.hotspot.jre.full.win32.x86_64_17.0.7.v20230425-1502\jre\bin\java.dll
0x00007ffef6450000 - 0x00007ffef6468000 	D:\Downloads\Applications\sts-4.18.1.RELEASE\plugins\org.eclipse.justj.openjdk.hotspot.jre.full.win32.x86_64_17.0.7.v20230425-1502\jre\bin\zip.dll
0x00007fff03220000 - 0x00007fff03920000 	C:\WINDOWS\System32\SHELL32.dll
0x00007ffeffa40000 - 0x00007fff00271000 	C:\WINDOWS\SYSTEM32\windows.storage.dll
0x00007fff02f40000 - 0x00007fff0301a000 	C:\WINDOWS\System32\SHCORE.dll
0x00007fff027c0000 - 0x00007fff0281d000 	C:\WINDOWS\System32\shlwapi.dll
0x00007fff01c40000 - 0x00007fff01c6e000 	C:\WINDOWS\SYSTEM32\profapi.dll
0x00007ffeece50000 - 0x00007ffeece69000 	D:\Downloads\Applications\sts-4.18.1.RELEASE\plugins\org.eclipse.justj.openjdk.hotspot.jre.full.win32.x86_64_17.0.7.v20230425-1502\jre\bin\net.dll
0x00007ffef8190000 - 0x00007ffef82b6000 	C:\WINDOWS\SYSTEM32\WINHTTP.dll
0x00007fff01120000 - 0x00007fff01188000 	C:\WINDOWS\system32\mswsock.dll
0x00007ffee64f0000 - 0x00007ffee6505000 	D:\Downloads\Applications\sts-4.18.1.RELEASE\plugins\org.eclipse.justj.openjdk.hotspot.jre.full.win32.x86_64_17.0.7.v20230425-1502\jre\bin\nio.dll
0x00007ffef9180000 - 0x00007ffef9189000 	D:\Downloads\Applications\sts-4.18.1.RELEASE\plugins\org.eclipse.justj.openjdk.hotspot.jre.full.win32.x86_64_17.0.7.v20230425-1502\jre\bin\management.dll
0x00007ffef9040000 - 0x00007ffef904b000 	D:\Downloads\Applications\sts-4.18.1.RELEASE\plugins\org.eclipse.justj.openjdk.hotspot.jre.full.win32.x86_64_17.0.7.v20230425-1502\jre\bin\management_ext.dll
0x00007fff04890000 - 0x00007fff04898000 	C:\WINDOWS\System32\PSAPI.DLL
0x00007ffedac40000 - 0x00007ffedac58000 	C:\WINDOWS\system32\napinsp.dll
0x00007fff00670000 - 0x00007fff00795000 	C:\WINDOWS\SYSTEM32\DNSAPI.dll
0x00007fff005e0000 - 0x00007fff00612000 	C:\WINDOWS\SYSTEM32\IPHLPAPI.DLL
0x00007fff03210000 - 0x00007fff0321a000 	C:\WINDOWS\System32\NSI.dll
0x00007ffedac00000 - 0x00007ffedac12000 	C:\WINDOWS\System32\winrnr.dll
0x00007ffedab40000 - 0x00007ffedab62000 	C:\WINDOWS\system32\nlansp_c.dll
0x00007ffef67d0000 - 0x00007ffef67e6000 	C:\WINDOWS\system32\wshbth.dll
0x00007ffef5330000 - 0x00007ffef533b000 	C:\Windows\System32\rasadhlp.dll
0x00007ffef5cb0000 - 0x00007ffef5d35000 	C:\WINDOWS\System32\fwpuclnt.dll
0x00007fff014d0000 - 0x00007fff014ec000 	C:\WINDOWS\SYSTEM32\CRYPTSP.dll
0x00007fff00ba0000 - 0x00007fff00bd8000 	C:\WINDOWS\system32\rsaenh.dll
0x00007fff011c0000 - 0x00007fff011eb000 	C:\WINDOWS\SYSTEM32\USERENV.dll
0x00007fff01660000 - 0x00007fff01686000 	C:\WINDOWS\SYSTEM32\bcrypt.dll
0x00007fff01350000 - 0x00007fff0135c000 	C:\WINDOWS\SYSTEM32\CRYPTBASE.dll
0x00007ffef6cc0000 - 0x00007ffef6cde000 	C:\WINDOWS\SYSTEM32\dhcpcsvc6.DLL
0x00007ffef6c90000 - 0x00007ffef6cb5000 	C:\WINDOWS\SYSTEM32\dhcpcsvc.DLL
0x00007ffef9020000 - 0x00007ffef902e000 	D:\Downloads\Applications\sts-4.18.1.RELEASE\plugins\org.eclipse.justj.openjdk.hotspot.jre.full.win32.x86_64_17.0.7.v20230425-1502\jre\bin\sunmscapi.dll
0x00007fff021e0000 - 0x00007fff02356000 	C:\WINDOWS\System32\CRYPT32.dll
0x00007fff01620000 - 0x00007fff01650000 	C:\WINDOWS\SYSTEM32\ncrypt.dll
0x00007fff015d0000 - 0x00007fff0160f000 	C:\WINDOWS\SYSTEM32\NTASN1.dll
0x00007ffef9540000 - 0x00007ffef9550000 	D:\Downloads\Applications\sts-4.18.1.RELEASE\plugins\org.eclipse.justj.openjdk.hotspot.jre.full.win32.x86_64_17.0.7.v20230425-1502\jre\bin\verify.dll
0x00007ffefa130000 - 0x00007ffefa138000 	C:\WINDOWS\system32\wshunix.dll

dbghelp: loaded successfully - version: 4.0.5 - missing functions: none
symbol engine: initialized successfully - sym options: 0x614 - pdb path: .;D:\Downloads\Applications\sts-4.18.1.RELEASE\plugins\org.eclipse.justj.openjdk.hotspot.jre.full.win32.x86_64_17.0.7.v20230425-1502\jre\bin;C:\WINDOWS\SYSTEM32;C:\WINDOWS\WinSxS\amd64_microsoft.windows.common-controls_6595b64144ccf1df_6.0.26100.2454_none_3e0b68a2e331ad60;D:\Downloads\Applications\sts-4.18.1.RELEASE\plugins\org.eclipse.justj.openjdk.hotspot.jre.full.win32.x86_64_17.0.7.v20230425-1502\jre\bin\server

VM Arguments:
jvm_args: -Dcom.sun.management.jmxremote -Dcom.sun.management.jmxremote.port=56585 -Dcom.sun.management.jmxremote.authenticate=false -Dcom.sun.management.jmxremote.ssl=false -Djava.rmi.server.hostname=localhost -Dspring.jmx.enabled=true -Dmanagement.endpoints.jmx.exposure.include=* -Dspring.application.admin.enabled=true -XX:TieredStopAtLevel=1 -Dspring.boot.project.name=Service-Registry -Dfile.encoding=UTF-8 -XX:+ShowCodeDetailsInExceptionMessages 
java_command: com.registry.Service_Registry.ServiceRegistryApplication --spring.output.ansi.enabled=always
java_class_path (initial): C:\Users\user\ninesoftech\Service-Registry\target\classes;C:\Users\user\.m2\repository\org\springframework\boot\spring-boot-starter-web\3.3.6\spring-boot-starter-web-3.3.6.jar;C:\Users\user\.m2\repository\org\springframework\boot\spring-boot-starter\3.3.6\spring-boot-starter-3.3.6.jar;C:\Users\user\.m2\repository\org\springframework\boot\spring-boot\3.3.6\spring-boot-3.3.6.jar;C:\Users\user\.m2\repository\org\springframework\boot\spring-boot-autoconfigure\3.3.6\spring-boot-autoconfigure-3.3.6.jar;C:\Users\user\.m2\repository\org\springframework\boot\spring-boot-starter-logging\3.3.6\spring-boot-starter-logging-3.3.6.jar;C:\Users\user\.m2\repository\ch\qos\logback\logback-classic\1.5.12\logback-classic-1.5.12.jar;C:\Users\user\.m2\repository\ch\qos\logback\logback-core\1.5.12\logback-core-1.5.12.jar;C:\Users\user\.m2\repository\org\apache\logging\log4j\log4j-to-slf4j\2.23.1\log4j-to-slf4j-2.23.1.jar;C:\Users\user\.m2\repository\org\apache\logging\log4j\log4j-api\2.23.1\log4j-api-2.23.1.jar;C:\Users\user\.m2\repository\org\slf4j\jul-to-slf4j\2.0.16\jul-to-slf4j-2.0.16.jar;C:\Users\user\.m2\repository\jakarta\annotation\jakarta.annotation-api\2.1.1\jakarta.annotation-api-2.1.1.jar;C:\Users\user\.m2\repository\org\yaml\snakeyaml\2.2\snakeyaml-2.2.jar;C:\Users\user\.m2\repository\org\springframework\boot\spring-boot-starter-json\3.3.6\spring-boot-starter-json-3.3.6.jar;C:\Users\user\.m2\repository\com\fasterxml\jackson\core\jackson-databind\2.17.3\jackson-databind-2.17.3.jar;C:\Users\user\.m2\repository\com\fasterxml\jackson\core\jackson-annotations\2.17.3\jackson-annotations-2.17.3.jar;C:\Users\user\.m2\repository\com\fasterxml\jackson\core\jackson-core\2.17.3\jackson-core-2.17.3.jar;C:\Users\user\.m2\repository\com\fasterxml\jackson\datatype\jackson-datatype-jdk8\2.17.3\jackson-datatype-jdk8-2.17.3.jar;C:\Users\user\.m2\repository\com\fasterxml\jackson\datatype\jackson-datatype-jsr310\2.17.3\jackson-datatype-jsr310-2.17.3.jar;C:\Users\user\
Launcher Type: SUN_STANDARD

[Global flags]
     intx CICompilerCount                          = 4                                         {product} {ergonomic}
     uint ConcGCThreads                            = 2                                         {product} {ergonomic}
     uint G1ConcRefinementThreads                  = 8                                         {product} {ergonomic}
   size_t G1HeapRegionSize                         = 1048576                                   {product} {ergonomic}
    uintx GCDrainStackTargetSize                   = 64                                        {product} {ergonomic}
   size_t InitialHeapSize                          = 132120576                                 {product} {ergonomic}
     bool ManagementServer                         = true                                      {product} {command line}
   size_t MarkStackSize                            = 4194304                                   {product} {ergonomic}
   size_t MaxHeapSize                              = 2111832064                                {product} {ergonomic}
   size_t MaxNewSize                               = 1266679808                                {product} {ergonomic}
   size_t MinHeapDeltaBytes                        = 1048576                                   {product} {ergonomic}
   size_t MinHeapSize                              = 8388608                                   {product} {ergonomic}
    uintx NonProfiledCodeHeapSize                  = 0                                      {pd product} {ergonomic}
     bool ProfileInterpreter                       = false                                  {pd product} {command line}
    uintx ProfiledCodeHeapSize                     = 0                                      {pd product} {ergonomic}
     bool ShowCodeDetailsInExceptionMessages       = true                                   {manageable} {command line}
   size_t SoftMaxHeapSize                          = 2111832064                             {manageable} {ergonomic}
     intx TieredStopAtLevel                        = 1                                         {product} {command line}
     bool UseCompressedClassPointers               = true                           {product lp64_product} {ergonomic}
     bool UseCompressedOops                        = true                           {product lp64_product} {ergonomic}
     bool UseG1GC                                  = true                                      {product} {ergonomic}
     bool UseLargePagesIndividualAllocation        = false                                  {pd product} {ergonomic}

Logging:
Log output configuration:
 #0: stdout all=warning uptime,level,tags
 #1: stderr all=off uptime,level,tags

Environment Variables:
JAVA_HOME=C:\Program Files\Java\jdk-20
PATH=D:/Downloads/Applications/sts-4.18.1.RELEASE//plugins/org.eclipse.justj.openjdk.hotspot.jre.full.win32.x86_64_17.0.7.v20230425-1502/jre/bin/server;D:/Downloads/Applications/sts-4.18.1.RELEASE//plugins/org.eclipse.justj.openjdk.hotspot.jre.full.win32.x86_64_17.0.7.v20230425-1502/jre/bin;C:\Program Files\Common Files\Oracle\Java\javapath;C:\WINDOWS\system32;C:\WINDOWS;C:\WINDOWS\System32\Wbem;C:\WINDOWS\System32\WindowsPowerShell\v1.0\;C:\WINDOWS\System32\OpenSSH\;C:\Program Files\dotnet\;C:\Program Files\Git\cmd;C:\Program Files (x86)\Intel\Intel(R) Management Engine Components\DAL;C:\Program Files\Intel\Intel(R) Management Engine Components\DAL;C:\Program Files\Intel\WiFi\bin\;C:\Program Files\Common Files\Intel\WirelessCommon\;C:\Program Files\MongoDB\Server\7.0\bin;;C:\Program Files\Docker\Docker\resources\bin;C:\Program Files\MySQL\MySQL Shell 8.0\bin\;C:\Users\user\AppData\Local\Microsoft\WindowsApps;C:\Program Files\JetBrains\IntelliJ IDEA Community Edition 2022.2.2\bin;;C:\Users\user\AppData\Local\Programs\Microsoft VS Code\bin;C:\Users\user\AppData\Local\Programs\mongosh\;;C:\WINDOWS\System32;
USERNAME=user
OS=Windows_NT
PROCESSOR_IDENTIFIER=Intel64 Family 6 Model 142 Stepping 10, GenuineIntel
TMP=C:\Users\user\AppData\Local\Temp
TEMP=C:\Users\user\AppData\Local\Temp



---------------  S Y S T E M  ---------------

OS:
 Windows 11 , 64 bit Build 26100 (10.0.26100.2454)
OS uptime: 3 days 4:24 hours
Hyper-V role detected

CPU: total 8 (initial active 8) (4 cores per cpu, 2 threads per core) family 6 model 142 stepping 10 microcode 0xf6, cx8, cmov, fxsr, ht, mmx, 3dnowpref, sse, sse2, sse3, ssse3, sse4.1, sse4.2, popcnt, lzcnt, tsc, tscinvbit, avx, avx2, aes, erms, clmul, bmi1, bmi2, rtm, adx, fma, vzeroupper, clflush, clflushopt, hv

Memory: 4k page, system-wide physical 8050M (773M free)
TotalPageFile size 20420M (AvailPageFile size 0M)
current process WorkingSet (physical memory assigned to process): 143M, peak: 188M
current process commit charge ("private bytes"): 222M, peak: 233M

vm_info: OpenJDK 64-Bit Server VM (17.0.7+7) for windows-amd64 JRE (17.0.7+7), built on Apr 18 2023 22:10:42 by "temurin" with MS VC++ 16.7 (VS2019)

END.
