#
# There is insufficient memory for the Java Runtime Environment to continue.
# Native memory allocation (malloc) failed to allocate 1301776 bytes for Chunk::new
# Possible reasons:
#   The system is out of physical RAM or swap space
#   The process is running with CompressedOops enabled, and the Java Heap may be blocking the growth of the native heap
# Possible solutions:
#   Reduce memory load on the system
#   Increase physical memory or swap space
#   Check if swap backing store is full
#   Decrease Java heap size (-Xmx/-Xms)
#   Decrease number of Java threads
#   Decrease Java thread stack sizes (-Xss)
#   Set larger code cache with -XX:ReservedCodeCacheSize=
#   JVM is running with Unscaled Compressed Oops mode in which the Java heap is
#     placed in the first 4GB address space. The Java Heap base address is the
#     maximum limit for the native heap growth. Please use -XX:HeapBaseMinAddress
#     to set the Java Heap base and to place the Java Heap above 4GB virtual address.
# This output file may be truncated or incomplete.
#
#  Out of Memory Error (arena.cpp:189), pid=9488, tid=20836
#
# JRE version: OpenJDK Runtime Environment Temurin-17.0.7+7 (17.0.7+7) (build 17.0.7+7)
# Java VM: OpenJDK 64-Bit Server VM Temurin-17.0.7+7 (17.0.7+7, mixed mode, tiered, compressed oops, compressed class ptrs, g1 gc, windows-amd64)
# No core dump will be written. Minidumps are not enabled by default on client versions of Windows
#

---------------  S U M M A R Y ------------

Command Line: -Dfile.encoding=UTF-8 -XX:+ShowCodeDetailsInExceptionMessages com.security.SecurityServiceApplication

Host: Intel(R) Core(TM) i5-8350U CPU @ 1.70GHz, 8 cores, 7G,  Windows 11 , 64 bit Build 26100 (10.0.26100.2454)
Time: Fri Dec 13 14:40:37 2024 India Standard Time elapsed time: 73.604359 seconds (0d 0h 1m 13s)

---------------  T H R E A D  ---------------

Current thread (0x000002926e6edb90):  JavaThread "C2 CompilerThread0" daemon [_thread_in_native, id=20836, stack(0x000000e085b00000,0x000000e085c00000)]


Current CompileTask:
C2:  73604 7620       4       org.springframework.core.type.AnnotatedTypeMetadata::getAnnotationAttributes (40 bytes)

Stack: [0x000000e085b00000,0x000000e085c00000]
Native frames: (J=compiled Java code, j=interpreted, Vv=VM code, C=native code)
V  [jvm.dll+0x67754a]
V  [jvm.dll+0x834304]
V  [jvm.dll+0x835aae]
V  [jvm.dll+0x836113]
V  [jvm.dll+0x24696f]
V  [jvm.dll+0xac0ac]
V  [jvm.dll+0xac67c]
V  [jvm.dll+0x364de2]
V  [jvm.dll+0x32f6b1]
V  [jvm.dll+0x32eb5a]
V  [jvm.dll+0x219641]
V  [jvm.dll+0x218a61]
V  [jvm.dll+0x1a4d8d]
V  [jvm.dll+0x2284da]
V  [jvm.dll+0x226615]
V  [jvm.dll+0x7ea90b]
V  [jvm.dll+0x7e4e7a]
V  [jvm.dll+0x676395]
C  [ucrtbase.dll+0x14ea0]
C  [KERNEL32.DLL+0x2e8d7]
C  [ntdll.dll+0xdfbcc]


---------------  P R O C E S S  ---------------

Threads class SMR info:
_java_thread_list=0x00000292763f3260, length=18, elements={
0x000002926e6c3260, 0x000002926e6c5140, 0x000002926e686420, 0x000002926e6e0a40,
0x000002926e6e3ab0, 0x000002926e6e4b10, 0x000002926e6edb90, 0x000002926e7020d0,
0x000002926e704530, 0x000002926e820a60, 0x000002926e820f30, 0x00000292762779c0,
0x00000292762cab40, 0x0000029275e65380, 0x0000029275e65d20, 0x0000029275e661f0,
0x000002927521e0c0, 0x000002927521ff20
}

Java Threads: ( => current thread )
  0x000002926e6c3260 JavaThread "Reference Handler" daemon [_thread_blocked, id=14812, stack(0x000000e085500000,0x000000e085600000)]
  0x000002926e6c5140 JavaThread "Finalizer" daemon [_thread_blocked, id=15516, stack(0x000000e085600000,0x000000e085700000)]
  0x000002926e686420 JavaThread "Signal Dispatcher" daemon [_thread_blocked, id=20776, stack(0x000000e085700000,0x000000e085800000)]
  0x000002926e6e0a40 JavaThread "Attach Listener" daemon [_thread_blocked, id=27144, stack(0x000000e085800000,0x000000e085900000)]
  0x000002926e6e3ab0 JavaThread "Service Thread" daemon [_thread_blocked, id=26308, stack(0x000000e085900000,0x000000e085a00000)]
  0x000002926e6e4b10 JavaThread "Monitor Deflation Thread" daemon [_thread_blocked, id=26508, stack(0x000000e085a00000,0x000000e085b00000)]
=>0x000002926e6edb90 JavaThread "C2 CompilerThread0" daemon [_thread_in_native, id=20836, stack(0x000000e085b00000,0x000000e085c00000)]
  0x000002926e7020d0 JavaThread "C1 CompilerThread0" daemon [_thread_blocked, id=8896, stack(0x000000e085c00000,0x000000e085d00000)]
  0x000002926e704530 JavaThread "Sweeper thread" daemon [_thread_blocked, id=18532, stack(0x000000e085d00000,0x000000e085e00000)]
  0x000002926e820a60 JavaThread "Notification Thread" daemon [_thread_blocked, id=7360, stack(0x000000e085e00000,0x000000e085f00000)]
  0x000002926e820f30 JavaThread "Common-Cleaner" daemon [_thread_blocked, id=22688, stack(0x000000e086000000,0x000000e086100000)]
  0x00000292762779c0 JavaThread "mysql-cj-abandoned-connection-cleanup" daemon [_thread_blocked, id=21420, stack(0x000000e087100000,0x000000e087200000)]
  0x00000292762cab40 JavaThread "spectator-gauge-polling-0" daemon [_thread_blocked, id=10300, stack(0x000000e087900000,0x000000e087a00000)]
  0x0000029275e65380 JavaThread "DestroyJavaVM" [_thread_blocked, id=16828, stack(0x000000e084e00000,0x000000e084f00000)]
  0x0000029275e65d20 JavaThread "Thread-1" [_thread_blocked, id=26848, stack(0x000000e084c00000,0x000000e084d00000)]
  0x0000029275e661f0 JavaThread "restartedMain" [_thread_in_Java, id=22504, stack(0x000000e086100000,0x000000e086200000)]
  0x000002927521e0c0 JavaThread "C2 CompilerThread1" daemon [_thread_in_native, id=8432, stack(0x000000e084d00000,0x000000e084e00000)]
  0x000002927521ff20 JavaThread "C2 CompilerThread2" daemon [_thread_in_native, id=3456, stack(0x000000e086d00000,0x000000e086e00000)]

Other Threads:
  0x000002926e6af2f0 VMThread "VM Thread" [stack: 0x000000e085400000,0x000000e085500000] [id=26960]
  0x000002926e865f00 WatcherThread [stack: 0x000000e085f00000,0x000000e086000000] [id=18440]
  0x0000029253fafa50 GCTaskThread "GC Thread#0" [stack: 0x000000e084f00000,0x000000e085000000] [id=27384]
  0x0000029273a6b150 GCTaskThread "GC Thread#1" [stack: 0x000000e086300000,0x000000e086400000] [id=17396]
  0x0000029273a6b400 GCTaskThread "GC Thread#2" [stack: 0x000000e086400000,0x000000e086500000] [id=6948]
  0x0000029273d0d200 GCTaskThread "GC Thread#3" [stack: 0x000000e086500000,0x000000e086600000] [id=24204]
  0x0000029273dc2f70 GCTaskThread "GC Thread#4" [stack: 0x000000e086600000,0x000000e086700000] [id=16784]
  0x0000029273e46140 GCTaskThread "GC Thread#5" [stack: 0x000000e086200000,0x000000e086300000] [id=24860]
  0x0000029273e463f0 GCTaskThread "GC Thread#6" [stack: 0x000000e086b00000,0x000000e086c00000] [id=17880]
  0x000002927418fcf0 GCTaskThread "GC Thread#7" [stack: 0x000000e086f00000,0x000000e087000000] [id=10256]
  0x0000029253fc06b0 ConcurrentGCThread "G1 Main Marker" [stack: 0x000000e085000000,0x000000e085100000] [id=9164]
  0x0000029253fc23d0 ConcurrentGCThread "G1 Conc#0" [stack: 0x000000e085100000,0x000000e085200000] [id=13848]
  0x0000029274230040 ConcurrentGCThread "G1 Conc#1" [stack: 0x000000e087000000,0x000000e087100000] [id=9544]
  0x0000029253ffd0b0 ConcurrentGCThread "G1 Refine#0" [stack: 0x000000e085200000,0x000000e085300000] [id=4436]
  0x0000029273598c00 ConcurrentGCThread "G1 Refine#1" [stack: 0x000000e086700000,0x000000e086800000] [id=23028]
  0x00000292731deac0 ConcurrentGCThread "G1 Refine#2" [stack: 0x000000e086800000,0x000000e086900000] [id=11784]
  0x00000292731a6c70 ConcurrentGCThread "G1 Refine#3" [stack: 0x000000e086900000,0x000000e086a00000] [id=16360]
  0x00000292737cc850 ConcurrentGCThread "G1 Refine#4" [stack: 0x000000e086a00000,0x000000e086b00000] [id=25376]
  0x0000029253ffd9e0 ConcurrentGCThread "G1 Service" [stack: 0x000000e085300000,0x000000e085400000] [id=15496]

Threads with active compile tasks:
C2 CompilerThread0    73657 7620       4       org.springframework.core.type.AnnotatedTypeMetadata::getAnnotationAttributes (40 bytes)
C2 CompilerThread1    73657 7717   !   4       java.util.jar.Attributes::read (494 bytes)
C2 CompilerThread2    73657 7709   !   4       org.springframework.boot.context.properties.source.SpringConfigurationPropertySource::getConfigurationProperty (119 bytes)

VM state: not at safepoint (normal execution)

VM Mutex/Monitor currently owned by a thread: None

Heap address: 0x0000000082200000, size: 2014 MB, Compressed Oops mode: 32-bit

CDS archive(s) not mapped
Compressed class space mapped at: 0x0000000100000000-0x0000000140000000, reserved size: 1073741824
Narrow klass base: 0x0000000000000000, Narrow klass shift: 3, Narrow klass range: 0x140000000

GC Precious Log:
 CPUs: 8 total, 8 available
 Memory: 8050M
 Large Page Support: Disabled
 NUMA Support: Disabled
 Compressed Oops: Enabled (32-bit)
 Heap Region Size: 1M
 Heap Min Capacity: 8M
 Heap Initial Capacity: 126M
 Heap Max Capacity: 2014M
 Pre-touch: Disabled
 Parallel Workers: 8
 Concurrent Workers: 2
 Concurrent Refinement Workers: 8
 Periodic GC: Disabled

Heap:
 garbage-first heap   total 81920K, used 46286K [0x0000000082200000, 0x0000000100000000)
  region size 1024K, 4 young (4096K), 2 survivors (2048K)
 Metaspace       used 86916K, committed 87552K, reserved 1179648K
  class space    used 11487K, committed 11776K, reserved 1048576K

Heap Regions: E=young(eden), S=young(survivor), O=old, HS=humongous(starts), HC=humongous(continues), CS=collection set, F=free, OA=open archive, CA=closed archive, TAMS=top-at-mark-start (previous, next)
|   0|0x0000000082200000, 0x0000000082300000, 0x0000000082300000|100%|HS|  |TAMS 0x0000000082300000, 0x0000000082300000| Complete 
|   1|0x0000000082300000, 0x0000000082400000, 0x0000000082400000|100%|HS|  |TAMS 0x0000000082400000, 0x0000000082400000| Complete 
|   2|0x0000000082400000, 0x0000000082500000, 0x0000000082500000|100%|HS|  |TAMS 0x0000000082500000, 0x0000000082500000| Complete 
|   3|0x0000000082500000, 0x0000000082600000, 0x0000000082600000|100%| O|  |TAMS 0x0000000082600000, 0x0000000082600000| Untracked 
|   4|0x0000000082600000, 0x00000000826fcb10, 0x0000000082700000| 98%| O|  |TAMS 0x00000000826fcb10, 0x00000000826fcb10| Untracked 
|   5|0x0000000082700000, 0x0000000082800000, 0x0000000082800000|100%| O|  |TAMS 0x0000000082800000, 0x0000000082800000| Untracked 
|   6|0x0000000082800000, 0x00000000828ffff8, 0x0000000082900000| 99%| O|  |TAMS 0x00000000828ffff8, 0x00000000828ffff8| Untracked 
|   7|0x0000000082900000, 0x00000000829fffe8, 0x0000000082a00000| 99%| O|  |TAMS 0x00000000829fffe8, 0x00000000829fffe8| Untracked 
|   8|0x0000000082a00000, 0x0000000082b00000, 0x0000000082b00000|100%| O|  |TAMS 0x0000000082b00000, 0x0000000082b00000| Untracked 
|   9|0x0000000082b00000, 0x0000000082bf0780, 0x0000000082c00000| 93%| O|  |TAMS 0x0000000082bf0780, 0x0000000082bf0780| Untracked 
|  10|0x0000000082c00000, 0x0000000082cfffc0, 0x0000000082d00000| 99%| O|  |TAMS 0x0000000082cfffc0, 0x0000000082cfffc0| Untracked 
|  11|0x0000000082d00000, 0x0000000082e00000, 0x0000000082e00000|100%| O|  |TAMS 0x0000000082e00000, 0x0000000082e00000| Untracked 
|  12|0x0000000082e00000, 0x0000000082f00000, 0x0000000082f00000|100%| O|  |TAMS 0x0000000082f00000, 0x0000000082f00000| Untracked 
|  13|0x0000000082f00000, 0x0000000082ffffe8, 0x0000000083000000| 99%| O|  |TAMS 0x0000000082ffffe8, 0x0000000082ffffe8| Untracked 
|  14|0x0000000083000000, 0x0000000083100000, 0x0000000083100000|100%| O|  |TAMS 0x0000000083100000, 0x0000000083100000| Untracked 
|  15|0x0000000083100000, 0x00000000831ffff8, 0x0000000083200000| 99%| O|  |TAMS 0x00000000831ffff8, 0x00000000831ffff8| Untracked 
|  16|0x0000000083200000, 0x00000000832fffe0, 0x0000000083300000| 99%| O|  |TAMS 0x00000000832fffe0, 0x00000000832fffe0| Untracked 
|  17|0x0000000083300000, 0x00000000833fffb8, 0x0000000083400000| 99%| O|  |TAMS 0x00000000833fffb8, 0x00000000833fffb8| Untracked 
|  18|0x0000000083400000, 0x0000000083500000, 0x0000000083500000|100%| O|  |TAMS 0x0000000083500000, 0x0000000083500000| Untracked 
|  19|0x0000000083500000, 0x00000000835ffff0, 0x0000000083600000| 99%| O|  |TAMS 0x00000000835ffff0, 0x00000000835ffff0| Untracked 
|  20|0x0000000083600000, 0x00000000836fffa8, 0x0000000083700000| 99%| O|  |TAMS 0x00000000836fffa8, 0x00000000836fffa8| Untracked 
|  21|0x0000000083700000, 0x00000000837fffe0, 0x0000000083800000| 99%| O|  |TAMS 0x00000000837fffe0, 0x00000000837fffe0| Untracked 
|  22|0x0000000083800000, 0x00000000838ffff0, 0x0000000083900000| 99%| O|  |TAMS 0x00000000838ffff0, 0x00000000838ffff0| Untracked 
|  23|0x0000000083900000, 0x00000000839ffff0, 0x0000000083a00000| 99%| O|  |TAMS 0x00000000839ffff0, 0x00000000839ffff0| Untracked 
|  24|0x0000000083a00000, 0x0000000083affff0, 0x0000000083b00000| 99%| O|  |TAMS 0x0000000083affff0, 0x0000000083affff0| Untracked 
|  25|0x0000000083b00000, 0x0000000083bfffb0, 0x0000000083c00000| 99%| O|  |TAMS 0x0000000083bfffb0, 0x0000000083bfffb0| Untracked 
|  26|0x0000000083c00000, 0x0000000083cfff58, 0x0000000083d00000| 99%| O|  |TAMS 0x0000000083cfff58, 0x0000000083cfff58| Untracked 
|  27|0x0000000083d00000, 0x0000000083dffff8, 0x0000000083e00000| 99%| O|  |TAMS 0x0000000083dffff8, 0x0000000083dffff8| Untracked 
|  28|0x0000000083e00000, 0x0000000083effff8, 0x0000000083f00000| 99%| O|  |TAMS 0x0000000083effff8, 0x0000000083effff8| Untracked 
|  29|0x0000000083f00000, 0x0000000083fffff8, 0x0000000084000000| 99%| O|  |TAMS 0x0000000083fffff8, 0x0000000083fffff8| Untracked 
|  30|0x0000000084000000, 0x00000000840e63b0, 0x0000000084100000| 89%| O|  |TAMS 0x00000000840e63b0, 0x00000000840e63b0| Untracked 
|  31|0x0000000084100000, 0x00000000841ffff0, 0x0000000084200000| 99%| O|  |TAMS 0x00000000841ffff0, 0x00000000841ffff0| Untracked 
|  32|0x0000000084200000, 0x0000000084300000, 0x0000000084300000|100%| O|  |TAMS 0x0000000084300000, 0x0000000084300000| Untracked 
|  33|0x0000000084300000, 0x0000000084400000, 0x0000000084400000|100%| O|  |TAMS 0x0000000084400000, 0x0000000084400000| Untracked 
|  34|0x0000000084400000, 0x0000000084500000, 0x0000000084500000|100%| O|  |TAMS 0x0000000084500000, 0x0000000084500000| Untracked 
|  35|0x0000000084500000, 0x00000000845ffe88, 0x0000000084600000| 99%| O|  |TAMS 0x00000000845ffe88, 0x00000000845ffe88| Untracked 
|  36|0x0000000084600000, 0x0000000084700000, 0x0000000084700000|100%| O|  |TAMS 0x0000000084600000, 0x0000000084700000| Untracked 
|  37|0x0000000084700000, 0x0000000084800000, 0x0000000084800000|100%| O|  |TAMS 0x0000000084800000, 0x0000000084800000| Untracked 
|  38|0x0000000084800000, 0x00000000848a5f80, 0x0000000084900000| 64%| O|  |TAMS 0x00000000848a5f80, 0x00000000848a5f80| Untracked 
|  39|0x0000000084900000, 0x0000000084943290, 0x0000000084a00000| 26%| O|  |TAMS 0x0000000084943290, 0x0000000084943290| Untracked 
|  40|0x0000000084a00000, 0x0000000084a5cf30, 0x0000000084b00000| 36%| O|  |TAMS 0x0000000084a5cf30, 0x0000000084a5cf30| Untracked 
|  41|0x0000000084b00000, 0x0000000084b39fb0, 0x0000000084c00000| 22%| O|  |TAMS 0x0000000084b39fb0, 0x0000000084b39fb0| Untracked 
|  42|0x0000000084c00000, 0x0000000084d00000, 0x0000000084d00000|100%| O|  |TAMS 0x0000000084c00000, 0x0000000084ceba00| Untracked 
|  43|0x0000000084d00000, 0x0000000084e00000, 0x0000000084e00000|100%| O|  |TAMS 0x0000000084d00000, 0x0000000084d00000| Untracked 
|  44|0x0000000084e00000, 0x0000000084ec6600, 0x0000000084f00000| 77%| O|  |TAMS 0x0000000084e00000, 0x0000000084e00000| Untracked 
|  45|0x0000000084f00000, 0x0000000085000000, 0x0000000085000000|100%|HS|  |TAMS 0x0000000084f00000, 0x0000000084f00000| Complete 
|  46|0x0000000085000000, 0x0000000085000000, 0x0000000085100000|  0%| F|  |TAMS 0x0000000085000000, 0x0000000085000000| Untracked 
|  47|0x0000000085100000, 0x0000000085100000, 0x0000000085200000|  0%| F|  |TAMS 0x0000000085100000, 0x0000000085100000| Untracked 
|  48|0x0000000085200000, 0x0000000085200000, 0x0000000085300000|  0%| F|  |TAMS 0x0000000085200000, 0x0000000085200000| Untracked 
|  49|0x0000000085300000, 0x0000000085300000, 0x0000000085400000|  0%| F|  |TAMS 0x0000000085300000, 0x0000000085300000| Untracked 
|  50|0x0000000085400000, 0x0000000085400000, 0x0000000085500000|  0%| F|  |TAMS 0x0000000085400000, 0x0000000085400000| Untracked 
|  51|0x0000000085500000, 0x0000000085500000, 0x0000000085600000|  0%| F|  |TAMS 0x0000000085500000, 0x0000000085500000| Untracked 
|  52|0x0000000085600000, 0x0000000085600000, 0x0000000085700000|  0%| F|  |TAMS 0x0000000085600000, 0x0000000085600000| Untracked 
|  53|0x0000000085700000, 0x0000000085700000, 0x0000000085800000|  0%| F|  |TAMS 0x0000000085700000, 0x0000000085700000| Untracked 
|  54|0x0000000085800000, 0x0000000085800000, 0x0000000085900000|  0%| F|  |TAMS 0x0000000085800000, 0x0000000085800000| Untracked 
|  55|0x0000000085900000, 0x0000000085900000, 0x0000000085a00000|  0%| F|  |TAMS 0x0000000085900000, 0x0000000085900000| Untracked 
|  56|0x0000000085a00000, 0x0000000085a00000, 0x0000000085b00000|  0%| F|  |TAMS 0x0000000085a00000, 0x0000000085a00000| Untracked 
|  57|0x0000000085b00000, 0x0000000085b00000, 0x0000000085c00000|  0%| F|  |TAMS 0x0000000085b00000, 0x0000000085b00000| Untracked 
|  58|0x0000000085c00000, 0x0000000085c00000, 0x0000000085d00000|  0%| F|  |TAMS 0x0000000085c00000, 0x0000000085c00000| Untracked 
|  59|0x0000000085d00000, 0x0000000085d00000, 0x0000000085e00000|  0%| F|  |TAMS 0x0000000085d00000, 0x0000000085d00000| Untracked 
|  60|0x0000000085e00000, 0x0000000085e00000, 0x0000000085f00000|  0%| F|  |TAMS 0x0000000085e00000, 0x0000000085e00000| Untracked 
|  61|0x0000000085f00000, 0x0000000085f00000, 0x0000000086000000|  0%| F|  |TAMS 0x0000000085f00000, 0x0000000085f00000| Untracked 
|  62|0x0000000086000000, 0x0000000086000000, 0x0000000086100000|  0%| F|  |TAMS 0x0000000086000000, 0x0000000086000000| Untracked 
|  63|0x0000000086100000, 0x0000000086100000, 0x0000000086200000|  0%| F|  |TAMS 0x0000000086100000, 0x0000000086100000| Untracked 
|  64|0x0000000086200000, 0x0000000086200000, 0x0000000086300000|  0%| F|  |TAMS 0x0000000086200000, 0x0000000086200000| Untracked 
|  65|0x0000000086300000, 0x0000000086300000, 0x0000000086400000|  0%| F|  |TAMS 0x0000000086300000, 0x0000000086300000| Untracked 
|  66|0x0000000086400000, 0x000000008641a0d0, 0x0000000086500000| 10%| S|CS|TAMS 0x0000000086400000, 0x0000000086400000| Complete 
|  67|0x0000000086500000, 0x0000000086600000, 0x0000000086600000|100%| S|CS|TAMS 0x0000000086500000, 0x0000000086500000| Complete 
|  68|0x0000000086600000, 0x0000000086600000, 0x0000000086700000|  0%| F|  |TAMS 0x0000000086600000, 0x0000000086600000| Untracked 
|  69|0x0000000086700000, 0x0000000086700000, 0x0000000086800000|  0%| F|  |TAMS 0x0000000086700000, 0x0000000086700000| Untracked 
|  70|0x0000000086800000, 0x0000000086800000, 0x0000000086900000|  0%| F|  |TAMS 0x0000000086800000, 0x0000000086800000| Untracked 
|  71|0x0000000086900000, 0x0000000086900000, 0x0000000086a00000|  0%| F|  |TAMS 0x0000000086900000, 0x0000000086900000| Untracked 
|  72|0x0000000086a00000, 0x0000000086a00000, 0x0000000086b00000|  0%| F|  |TAMS 0x0000000086a00000, 0x0000000086a00000| Untracked 
|  73|0x0000000086b00000, 0x0000000086b00000, 0x0000000086c00000|  0%| F|  |TAMS 0x0000000086b00000, 0x0000000086b00000| Untracked 
|  74|0x0000000086c00000, 0x0000000086c00000, 0x0000000086d00000|  0%| F|  |TAMS 0x0000000086c00000, 0x0000000086c00000| Untracked 
|  75|0x0000000086d00000, 0x0000000086d00000, 0x0000000086e00000|  0%| F|  |TAMS 0x0000000086d00000, 0x0000000086d00000| Untracked 
|  90|0x0000000087c00000, 0x0000000087c00000, 0x0000000087d00000|  0%| F|  |TAMS 0x0000000087c00000, 0x0000000087c00000| Untracked 
|  91|0x0000000087d00000, 0x0000000087d00000, 0x0000000087e00000|  0%| F|  |TAMS 0x0000000087d00000, 0x0000000087d00000| Untracked 
|  92|0x0000000087e00000, 0x0000000087e4f438, 0x0000000087f00000| 30%| E|  |TAMS 0x0000000087e00000, 0x0000000087e00000| Complete 
| 125|0x0000000089f00000, 0x000000008a000000, 0x000000008a000000|100%| E|CS|TAMS 0x0000000089f00000, 0x0000000089f00000| Complete 

Card table byte_map: [0x0000029267510000,0x0000029267900000] _byte_map_base: 0x00000292670ff000

Marking Bits (Prev, Next): (CMBitMap*) 0x0000029253fb00a0, (CMBitMap*) 0x0000029253fb0060
 Prev Bits: [0x0000029269c70000, 0x000002926bbe8000)
 Next Bits: [0x0000029267cf0000, 0x0000029269c68000)

Polling page: 0x0000029254000000

Metaspace:

Usage:
  Non-class:     73.66 MB used.
      Class:     11.22 MB used.
       Both:     84.88 MB used.

Virtual space:
  Non-class space:      128.00 MB reserved,      74.00 MB ( 58%) committed,  2 nodes.
      Class space:        1.00 GB reserved,      11.50 MB (  1%) committed,  1 nodes.
             Both:        1.12 GB reserved,      85.50 MB (  7%) committed. 

Chunk freelists:
   Non-Class:  5.45 MB
       Class:  4.41 MB
        Both:  9.86 MB

MaxMetaspaceSize: unlimited
CompressedClassSpaceSize: 1.00 GB
Initial GC threshold: 21.00 MB
Current GC threshold: 142.00 MB
CDS: off
MetaspaceReclaimPolicy: balanced
 - commit_granule_bytes: 65536.
 - commit_granule_words: 8192.
 - virtual_space_node_default_size: 8388608.
 - enlarge_chunks_in_place: 1.
 - new_chunks_are_fully_committed: 0.
 - uncommit_free_chunks: 1.
 - use_allocation_guard: 0.
 - handle_deallocations: 1.


Internal statistics:

num_allocs_failed_limit: 8.
num_arena_births: 832.
num_arena_deaths: 2.
num_vsnodes_births: 3.
num_vsnodes_deaths: 0.
num_space_committed: 1368.
num_space_uncommitted: 0.
num_chunks_returned_to_freelist: 11.
num_chunks_taken_from_freelist: 3641.
num_chunk_merges: 8.
num_chunk_splits: 2613.
num_chunks_enlarged: 2043.
num_inconsistent_stats: 0.

CodeHeap 'non-profiled nmethods': size=120000Kb used=4857Kb max_used=5770Kb free=115142Kb
 bounds [0x000002925f190000, 0x000002925f740000, 0x00000292666c0000]
CodeHeap 'profiled nmethods': size=120000Kb used=12984Kb max_used=13950Kb free=107015Kb
 bounds [0x00000292576c0000, 0x0000029258470000, 0x000002925ebf0000]
CodeHeap 'non-nmethods': size=5760Kb used=1365Kb max_used=1470Kb free=4394Kb
 bounds [0x000002925ebf0000, 0x000002925ee60000, 0x000002925f190000]
 total_blobs=7089 nmethods=6389 adapters=612
 compilation: enabled
              stopped_count=0, restarted_count=0
 full_count=0

Compilation events (20 events):
Event: 72.552 Thread 0x000002926e7020d0 nmethod 7713 0x0000029257fd0c10 code [0x0000029257fd0dc0, 0x0000029257fd0fe8]
Event: 72.552 Thread 0x000002926e7020d0 7714       1       org.apache.catalina.util.LifecycleBase::getState (5 bytes)
Event: 72.553 Thread 0x000002926e7020d0 nmethod 7714 0x000002925f609990 code [0x000002925f609b20, 0x000002925f609bf8]
Event: 72.556 Thread 0x000002926e7020d0 7715       3       jdk.internal.loader.URLClassPath$1::nextElement (5 bytes)
Event: 72.557 Thread 0x000002926e7020d0 nmethod 7715 0x0000029257857710 code [0x00000292578578e0, 0x0000029257857bd8]
Event: 72.557 Thread 0x000002926e7020d0 7716       3       jdk.internal.loader.URLClassPath$1::nextElement (27 bytes)
Event: 72.557 Thread 0x000002926e7020d0 nmethod 7716 0x00000292578d3f10 code [0x00000292578d40c0, 0x00000292578d4338]
Event: 72.586 Thread 0x000002926e7020d0 7718       3       java.net.URL::openStream (8 bytes)
Event: 72.586 Thread 0x000002926e7020d0 nmethod 7718 0x000002925799f990 code [0x000002925799fb40, 0x000002925799fe38]
Event: 72.599 Thread 0x000002926e7020d0 7719       1       java.time.Instant::getNano (5 bytes)
Event: 72.599 Thread 0x000002926e7020d0 nmethod 7719 0x000002925f3b0190 code [0x000002925f3b0320, 0x000002925f3b03f8]
Event: 72.599 Thread 0x000002926e7020d0 7720       3       java.util.HashMap$Values::iterator (12 bytes)
Event: 72.599 Thread 0x000002926e7020d0 nmethod 7720 0x0000029258002e90 code [0x0000029258003040, 0x00000292580032a8]
Event: 72.599 Thread 0x000002926e7020d0 7721       3       java.util.HashMap$ValueIterator::<init> (11 bytes)
Event: 72.599 Thread 0x000002926e7020d0 nmethod 7721 0x0000029257b4f690 code [0x0000029257b4f840, 0x0000029257b4f9c8]
Event: 72.604 Thread 0x000002926e7020d0 7722       1       javax.management.ObjectName$Property::setKeyIndex (6 bytes)
Event: 72.604 Thread 0x000002926e7020d0 nmethod 7722 0x000002925f3afd10 code [0x000002925f3afea0, 0x000002925f3aff78]
Event: 72.609 Thread 0x000002926e7020d0 7723       3       java.net.URI::<init> (51 bytes)
Event: 72.610 Thread 0x000002926e7020d0 nmethod 7723 0x0000029257a05910 code [0x0000029257a05b00, 0x0000029257a05fe8]
Event: 72.610 Thread 0x000002926e7020d0 7724       3       java.net.URI::toString (60 bytes)

GC Heap History (20 events):
Event: 15.710 GC heap before
{Heap before GC invocations=26 (full 0):
 garbage-first heap   total 73728K, used 58539K [0x0000000082200000, 0x0000000100000000)
  region size 1024K, 21 young (21504K), 3 survivors (3072K)
 Metaspace       used 75750K, committed 76352K, reserved 1179648K
  class space    used 9949K, committed 10240K, reserved 1048576K
}
Event: 15.714 GC heap after
{Heap after GC invocations=27 (full 0):
 garbage-first heap   total 73728K, used 41583K [0x0000000082200000, 0x0000000100000000)
  region size 1024K, 2 young (2048K), 2 survivors (2048K)
 Metaspace       used 75750K, committed 76352K, reserved 1179648K
  class space    used 9949K, committed 10240K, reserved 1048576K
}
Event: 16.434 GC heap before
{Heap before GC invocations=28 (full 0):
 garbage-first heap   total 75776K, used 57967K [0x0000000082200000, 0x0000000100000000)
  region size 1024K, 19 young (19456K), 2 survivors (2048K)
 Metaspace       used 77688K, committed 78208K, reserved 1179648K
  class space    used 10212K, committed 10496K, reserved 1048576K
}
Event: 16.438 GC heap after
{Heap after GC invocations=29 (full 0):
 garbage-first heap   total 75776K, used 42700K [0x0000000082200000, 0x0000000100000000)
  region size 1024K, 3 young (3072K), 3 survivors (3072K)
 Metaspace       used 77688K, committed 78208K, reserved 1179648K
  class space    used 10212K, committed 10496K, reserved 1048576K
}
Event: 16.477 GC heap before
{Heap before GC invocations=29 (full 0):
 garbage-first heap   total 75776K, used 43724K [0x0000000082200000, 0x0000000100000000)
  region size 1024K, 4 young (4096K), 3 survivors (3072K)
 Metaspace       used 77707K, committed 78272K, reserved 1179648K
  class space    used 10216K, committed 10496K, reserved 1048576K
}
Event: 16.481 GC heap after
{Heap after GC invocations=30 (full 0):
 garbage-first heap   total 75776K, used 42126K [0x0000000082200000, 0x0000000100000000)
  region size 1024K, 1 young (1024K), 1 survivors (1024K)
 Metaspace       used 77707K, committed 78272K, reserved 1179648K
  class space    used 10216K, committed 10496K, reserved 1048576K
}
Event: 17.024 GC heap before
{Heap before GC invocations=30 (full 0):
 garbage-first heap   total 75776K, used 61582K [0x0000000082200000, 0x0000000100000000)
  region size 1024K, 20 young (20480K), 1 survivors (1024K)
 Metaspace       used 79313K, committed 79936K, reserved 1179648K
  class space    used 10441K, committed 10752K, reserved 1048576K
}
Event: 17.027 GC heap after
{Heap after GC invocations=31 (full 0):
 garbage-first heap   total 75776K, used 43438K [0x0000000082200000, 0x0000000100000000)
  region size 1024K, 2 young (2048K), 2 survivors (2048K)
 Metaspace       used 79313K, committed 79936K, reserved 1179648K
  class space    used 10441K, committed 10752K, reserved 1048576K
}
Event: 17.887 GC heap before
{Heap before GC invocations=32 (full 0):
 garbage-first heap   total 76800K, used 61870K [0x0000000082200000, 0x0000000100000000)
  region size 1024K, 20 young (20480K), 2 survivors (2048K)
 Metaspace       used 80599K, committed 81152K, reserved 1179648K
  class space    used 10643K, committed 10944K, reserved 1048576K
}
Event: 17.891 GC heap after
{Heap after GC invocations=33 (full 0):
 garbage-first heap   total 76800K, used 44974K [0x0000000082200000, 0x0000000100000000)
  region size 1024K, 3 young (3072K), 3 survivors (3072K)
 Metaspace       used 80599K, committed 81152K, reserved 1179648K
  class space    used 10643K, committed 10944K, reserved 1048576K
}
Event: 17.908 GC heap before
{Heap before GC invocations=33 (full 0):
 garbage-first heap   total 76800K, used 45998K [0x0000000082200000, 0x0000000100000000)
  region size 1024K, 4 young (4096K), 3 survivors (3072K)
 Metaspace       used 80610K, committed 81216K, reserved 1179648K
  class space    used 10645K, committed 10944K, reserved 1048576K
}
Event: 17.912 GC heap after
{Heap after GC invocations=34 (full 0):
 garbage-first heap   total 76800K, used 44957K [0x0000000082200000, 0x0000000100000000)
  region size 1024K, 1 young (1024K), 1 survivors (1024K)
 Metaspace       used 80610K, committed 81216K, reserved 1179648K
  class space    used 10645K, committed 10944K, reserved 1048576K
}
Event: 18.559 GC heap before
{Heap before GC invocations=34 (full 0):
 garbage-first heap   total 76800K, used 62365K [0x0000000082200000, 0x0000000100000000)
  region size 1024K, 18 young (18432K), 1 survivors (1024K)
 Metaspace       used 83631K, committed 84224K, reserved 1179648K
  class space    used 11085K, committed 11328K, reserved 1048576K
}
Event: 18.562 GC heap after
{Heap after GC invocations=35 (full 0):
 garbage-first heap   total 76800K, used 46325K [0x0000000082200000, 0x0000000100000000)
  region size 1024K, 2 young (2048K), 2 survivors (2048K)
 Metaspace       used 83631K, committed 84224K, reserved 1179648K
  class space    used 11085K, committed 11328K, reserved 1048576K
}
Event: 69.593 GC heap before
{Heap before GC invocations=36 (full 0):
 garbage-first heap   total 81920K, used 60661K [0x0000000082200000, 0x0000000100000000)
  region size 1024K, 18 young (18432K), 2 survivors (2048K)
 Metaspace       used 86543K, committed 87232K, reserved 1179648K
  class space    used 11473K, committed 11776K, reserved 1048576K
}
Event: 69.668 GC heap after
{Heap after GC invocations=37 (full 1):
 garbage-first heap   total 81920K, used 39244K [0x0000000082200000, 0x0000000100000000)
  region size 1024K, 0 young (0K), 0 survivors (0K)
 Metaspace       used 86543K, committed 87232K, reserved 1179648K
  class space    used 11473K, committed 11776K, reserved 1048576K
}
Event: 70.751 GC heap before
{Heap before GC invocations=37 (full 1):
 garbage-first heap   total 81920K, used 62796K [0x0000000082200000, 0x0000000100000000)
  region size 1024K, 24 young (24576K), 0 survivors (0K)
 Metaspace       used 86695K, committed 87296K, reserved 1179648K
  class space    used 11481K, committed 11776K, reserved 1048576K
}
Event: 70.754 GC heap after
{Heap after GC invocations=38 (full 1):
 garbage-first heap   total 81920K, used 41952K [0x0000000082200000, 0x0000000100000000)
  region size 1024K, 3 young (3072K), 3 survivors (3072K)
 Metaspace       used 86695K, committed 87296K, reserved 1179648K
  class space    used 11481K, committed 11776K, reserved 1048576K
}
Event: 72.508 GC heap before
{Heap before GC invocations=39 (full 1):
 garbage-first heap   total 81920K, used 64480K [0x0000000082200000, 0x0000000100000000)
  region size 1024K, 25 young (25600K), 3 survivors (3072K)
 Metaspace       used 86898K, committed 87488K, reserved 1179648K
  class space    used 11487K, committed 11776K, reserved 1048576K
}
Event: 72.511 GC heap after
{Heap after GC invocations=40 (full 1):
 garbage-first heap   total 81920K, used 43153K [0x0000000082200000, 0x0000000100000000)
  region size 1024K, 2 young (2048K), 2 survivors (2048K)
 Metaspace       used 86898K, committed 87488K, reserved 1179648K
  class space    used 11487K, committed 11776K, reserved 1048576K
}

Dll operation events (9 events):
Event: 0.016 Loaded shared library D:\Downloads\Applications\sts-4.18.1.RELEASE\plugins\org.eclipse.justj.openjdk.hotspot.jre.full.win32.x86_64_17.0.7.v20230425-1502\jre\bin\java.dll
Event: 0.309 Loaded shared library D:\Downloads\Applications\sts-4.18.1.RELEASE\plugins\org.eclipse.justj.openjdk.hotspot.jre.full.win32.x86_64_17.0.7.v20230425-1502\jre\bin\net.dll
Event: 0.313 Loaded shared library D:\Downloads\Applications\sts-4.18.1.RELEASE\plugins\org.eclipse.justj.openjdk.hotspot.jre.full.win32.x86_64_17.0.7.v20230425-1502\jre\bin\nio.dll
Event: 0.326 Loaded shared library D:\Downloads\Applications\sts-4.18.1.RELEASE\plugins\org.eclipse.justj.openjdk.hotspot.jre.full.win32.x86_64_17.0.7.v20230425-1502\jre\bin\zip.dll
Event: 0.632 Loaded shared library D:\Downloads\Applications\sts-4.18.1.RELEASE\plugins\org.eclipse.justj.openjdk.hotspot.jre.full.win32.x86_64_17.0.7.v20230425-1502\jre\bin\jimage.dll
Event: 1.689 Loaded shared library D:\Downloads\Applications\sts-4.18.1.RELEASE\plugins\org.eclipse.justj.openjdk.hotspot.jre.full.win32.x86_64_17.0.7.v20230425-1502\jre\bin\management.dll
Event: 1.696 Loaded shared library D:\Downloads\Applications\sts-4.18.1.RELEASE\plugins\org.eclipse.justj.openjdk.hotspot.jre.full.win32.x86_64_17.0.7.v20230425-1502\jre\bin\management_ext.dll
Event: 3.724 Loaded shared library D:\Downloads\Applications\sts-4.18.1.RELEASE\plugins\org.eclipse.justj.openjdk.hotspot.jre.full.win32.x86_64_17.0.7.v20230425-1502\jre\bin\sunmscapi.dll
Event: 10.116 Loaded shared library D:\Downloads\Applications\sts-4.18.1.RELEASE\plugins\org.eclipse.justj.openjdk.hotspot.jre.full.win32.x86_64_17.0.7.v20230425-1502\jre\bin\verify.dll

Deoptimization events (20 events):
Event: 71.169 Thread 0x0000029275e661f0 Uncommon trap: trap_request=0xffffffbe fr.pc=0x000002925f261890 relative=0x0000000000000790
Event: 71.169 Thread 0x0000029275e661f0 Uncommon trap: reason=profile_predicate action=maybe_recompile pc=0x000002925f261890 method=org.springframework.core.annotation.MergedAnnotationsCollection.isPresent(Ljava/lang/Object;Z)Z @ 16 c2
Event: 71.169 Thread 0x0000029275e661f0 DEOPT PACKING pc=0x000002925f261890 sp=0x000000e0861fdda0
Event: 71.169 Thread 0x0000029275e661f0 DEOPT UNPACKING pc=0x000002925ec469a3 sp=0x000000e0861fdd38 mode 2
Event: 71.171 Thread 0x0000029275e661f0 Uncommon trap: trap_request=0xffffffbe fr.pc=0x000002925f261890 relative=0x0000000000000790
Event: 71.171 Thread 0x0000029275e661f0 Uncommon trap: reason=profile_predicate action=maybe_recompile pc=0x000002925f261890 method=org.springframework.core.annotation.MergedAnnotationsCollection.isPresent(Ljava/lang/Object;Z)Z @ 16 c2
Event: 71.171 Thread 0x0000029275e661f0 DEOPT PACKING pc=0x000002925f261890 sp=0x000000e0861fddf0
Event: 71.171 Thread 0x0000029275e661f0 DEOPT UNPACKING pc=0x000002925ec469a3 sp=0x000000e0861fdd70 mode 2
Event: 71.173 Thread 0x0000029275e661f0 Uncommon trap: trap_request=0xffffffbe fr.pc=0x000002925f261890 relative=0x0000000000000790
Event: 71.173 Thread 0x0000029275e661f0 Uncommon trap: reason=profile_predicate action=maybe_recompile pc=0x000002925f261890 method=org.springframework.core.annotation.MergedAnnotationsCollection.isPresent(Ljava/lang/Object;Z)Z @ 16 c2
Event: 71.173 Thread 0x0000029275e661f0 DEOPT PACKING pc=0x000002925f261890 sp=0x000000e0861fddf0
Event: 71.173 Thread 0x0000029275e661f0 DEOPT UNPACKING pc=0x000002925ec469a3 sp=0x000000e0861fdd70 mode 2
Event: 71.177 Thread 0x0000029275e661f0 Uncommon trap: trap_request=0xffffffbe fr.pc=0x000002925f261890 relative=0x0000000000000790
Event: 71.177 Thread 0x0000029275e661f0 Uncommon trap: reason=profile_predicate action=maybe_recompile pc=0x000002925f261890 method=org.springframework.core.annotation.MergedAnnotationsCollection.isPresent(Ljava/lang/Object;Z)Z @ 16 c2
Event: 71.177 Thread 0x0000029275e661f0 DEOPT PACKING pc=0x000002925f261890 sp=0x000000e0861fddf0
Event: 71.177 Thread 0x0000029275e661f0 DEOPT UNPACKING pc=0x000002925ec469a3 sp=0x000000e0861fdd70 mode 2
Event: 71.192 Thread 0x0000029275e661f0 Uncommon trap: trap_request=0xffffffbe fr.pc=0x000002925f1e42f8 relative=0x0000000000000458
Event: 71.192 Thread 0x0000029275e661f0 Uncommon trap: reason=profile_predicate action=maybe_recompile pc=0x000002925f1e42f8 method=java.util.HashMap.keysToArray([Ljava/lang/Object;)[Ljava/lang/Object; @ 46 c2
Event: 71.192 Thread 0x0000029275e661f0 DEOPT PACKING pc=0x000002925f1e42f8 sp=0x000000e0861fd7c0
Event: 71.192 Thread 0x0000029275e661f0 DEOPT UNPACKING pc=0x000002925ec469a3 sp=0x000000e0861fd770 mode 2

Classes unloaded (1 events):
Event: 17.086 Thread 0x000002926e6af2f0 Unloading class 0x0000000100a20c00 'jdk/internal/reflect/GeneratedSerializationConstructorAccessor2'

Classes redefined (0 events):
No events

Internal exceptions (20 events):
Event: 66.559 Thread 0x0000029275e67530 Exception <a 'java/io/IOException'{0x000000008626b7e0}> (0x000000008626b7e0) 
thrown [s\src\hotspot\share\prims\jni.cpp, line 516]
Event: 66.560 Thread 0x0000029275e67530 Exception <a 'java/io/IOException'{0x000000008626e440}> (0x000000008626e440) 
thrown [s\src\hotspot\share\prims\jni.cpp, line 516]
Event: 66.561 Thread 0x0000029275e67530 Exception <a 'java/io/IOException'{0x000000008626ef80}> (0x000000008626ef80) 
thrown [s\src\hotspot\share\prims\jni.cpp, line 516]
Event: 66.562 Thread 0x0000029275e67530 Exception <a 'java/io/IOException'{0x0000000086271ec0}> (0x0000000086271ec0) 
thrown [s\src\hotspot\share\prims\jni.cpp, line 516]
Event: 69.591 Thread 0x00000292762cd690 Exception <a 'java/lang/InterruptedException'{0x00000000862ef9e8}: sleep interrupted> (0x00000000862ef9e8) 
thrown [s\src\hotspot\share\prims\jvm.cpp, line 3070]
Event: 69.689 Thread 0x0000029275e661f0 Exception <a 'sun/nio/fs/WindowsException'{0x0000000089fac430}> (0x0000000089fac430) 
thrown [s\src\hotspot\share\prims\jni.cpp, line 516]
Event: 70.214 Thread 0x0000029275e661f0 Exception <a 'sun/nio/fs/WindowsException'{0x0000000086d76ef0}> (0x0000000086d76ef0) 
thrown [s\src\hotspot\share\prims\jni.cpp, line 516]
Event: 70.850 Thread 0x0000029275e661f0 Exception <a 'sun/nio/fs/WindowsException'{0x0000000087c35b70}> (0x0000000087c35b70) 
thrown [s\src\hotspot\share\prims\jni.cpp, line 516]
Event: 71.001 Thread 0x0000029275e661f0 Exception <a 'sun/nio/fs/WindowsException'{0x0000000086bae310}> (0x0000000086bae310) 
thrown [s\src\hotspot\share\prims\jni.cpp, line 516]
Event: 71.033 Thread 0x0000029275e661f0 Exception <a 'sun/nio/fs/WindowsException'{0x0000000086a46430}> (0x0000000086a46430) 
thrown [s\src\hotspot\share\prims\jni.cpp, line 516]
Event: 71.416 Thread 0x0000029275e661f0 Exception <a 'java/lang/NoClassDefFoundError'{0x0000000086015a98}: org/flywaydb/core/Flyway> (0x0000000086015a98) 
thrown [s\src\hotspot\share\oops\constantPool.cpp, line 835]
Event: 71.416 Thread 0x0000029275e661f0 Exception <a 'java/lang/NoClassDefFoundError'{0x00000000860160e8}: liquibase/integration/spring/SpringLiquibase> (0x00000000860160e8) 
thrown [s\src\hotspot\share\oops\constantPool.cpp, line 835]
Event: 71.429 Thread 0x0000029275e661f0 Exception <a 'java/lang/NoClassDefFoundError'{0x000000008609f310}: org/jooq/DSLContext> (0x000000008609f310) 
thrown [s\src\hotspot\share\oops\constantPool.cpp, line 835]
Event: 71.431 Thread 0x0000029275e661f0 Exception <a 'java/lang/NoClassDefFoundError'{0x00000000860b0a88}: org/springframework/batch/core/repository/JobRepository> (0x00000000860b0a88) 
thrown [s\src\hotspot\share\oops\constantPool.cpp, line 835]
Event: 71.431 Thread 0x0000029275e661f0 Exception <a 'java/lang/NoClassDefFoundError'{0x00000000860b10d0}: org/quartz/Scheduler> (0x00000000860b10d0) 
thrown [s\src\hotspot\share\oops\constantPool.cpp, line 835]
Event: 71.431 Thread 0x0000029275e661f0 Exception <a 'java/lang/NoClassDefFoundError'{0x00000000860b1740}: org/springframework/session/jdbc/JdbcIndexedSessionRepository> (0x00000000860b1740) 
thrown [s\src\hotspot\share\oops\constantPool.cpp, line 835]
Event: 72.598 Thread 0x0000029275e661f0 Exception <a 'sun/nio/fs/WindowsException'{0x00000000868d35d8}> (0x00000000868d35d8) 
thrown [s\src\hotspot\share\prims\jni.cpp, line 516]
Event: 72.598 Thread 0x0000029275e661f0 Exception <a 'sun/nio/fs/WindowsException'{0x00000000868d3be0}> (0x00000000868d3be0) 
thrown [s\src\hotspot\share\prims\jni.cpp, line 516]
Event: 72.599 Thread 0x0000029275e661f0 Exception <a 'sun/nio/fs/WindowsException'{0x00000000868d42b8}> (0x00000000868d42b8) 
thrown [s\src\hotspot\share\prims\jni.cpp, line 516]
Event: 72.611 Thread 0x0000029275e661f0 Exception <a 'java/io/FileNotFoundException'{0x0000000086723260}> (0x0000000086723260) 
thrown [s\src\hotspot\share\prims\jni.cpp, line 516]

VM Operations (20 events):
Event: 69.668 Executing VM operation: G1CollectFull done
Event: 70.555 Executing VM operation: HandshakeAllThreads
Event: 70.556 Executing VM operation: HandshakeAllThreads done
Event: 70.669 Executing VM operation: HandshakeAllThreads
Event: 70.669 Executing VM operation: HandshakeAllThreads done
Event: 70.669 Executing VM operation: Cleanup
Event: 70.670 Executing VM operation: Cleanup done
Event: 70.694 Executing VM operation: HandshakeAllThreads
Event: 70.694 Executing VM operation: HandshakeAllThreads done
Event: 70.751 Executing VM operation: G1CollectForAllocation
Event: 70.754 Executing VM operation: G1CollectForAllocation done
Event: 70.820 Executing VM operation: G1Concurrent
Event: 70.827 Executing VM operation: G1Concurrent done
Event: 70.855 Executing VM operation: G1Concurrent
Event: 70.855 Executing VM operation: G1Concurrent done
Event: 71.856 Executing VM operation: Cleanup
Event: 72.479 Executing VM operation: Cleanup done
Event: 72.508 Executing VM operation: G1CollectForAllocation
Event: 72.511 Executing VM operation: G1CollectForAllocation done
Event: 73.520 Executing VM operation: Cleanup

Events (20 events):
Event: 70.712 Thread 0x000002926e704530 flushing nmethod 0x0000029258238410
Event: 70.712 Thread 0x000002926e704530 flushing nmethod 0x0000029258239a90
Event: 70.712 Thread 0x000002926e704530 flushing nmethod 0x0000029258248c10
Event: 70.712 Thread 0x000002926e704530 flushing nmethod 0x000002925826ba90
Event: 70.712 Thread 0x000002926e704530 flushing nmethod 0x000002925826c590
Event: 70.712 Thread 0x000002926e704530 flushing nmethod 0x0000029258278310
Event: 70.712 Thread 0x000002926e704530 flushing nmethod 0x0000029258287690
Event: 70.712 Thread 0x000002926e704530 flushing nmethod 0x0000029258295910
Event: 70.712 Thread 0x000002926e704530 flushing nmethod 0x00000292582ae290
Event: 70.712 Thread 0x000002926e704530 flushing nmethod 0x00000292582df590
Event: 70.712 Thread 0x000002926e704530 flushing nmethod 0x000002925830fe90
Event: 70.712 Thread 0x000002926e704530 flushing nmethod 0x0000029258317f10
Event: 70.712 Thread 0x000002926e704530 flushing nmethod 0x0000029258319290
Event: 70.713 Thread 0x000002926e704530 flushing nmethod 0x0000029258387110
Event: 70.713 Thread 0x000002926e704530 flushing nmethod 0x0000029258387710
Event: 70.713 Thread 0x000002926e704530 flushing nmethod 0x0000029258393c90
Event: 71.376 loading class java/util/WeakHashMap$EntrySet
Event: 71.376 loading class java/util/WeakHashMap$EntrySet done
Event: 71.377 loading class java/util/WeakHashMap$EntryIterator
Event: 71.377 loading class java/util/WeakHashMap$EntryIterator done


Dynamic libraries:
0x00007ff614d30000 - 0x00007ff614d3e000 	D:\Downloads\Applications\sts-4.18.1.RELEASE\plugins\org.eclipse.justj.openjdk.hotspot.jre.full.win32.x86_64_17.0.7.v20230425-1502\jre\bin\javaw.exe
0x00007ffd6c4c0000 - 0x00007ffd6c723000 	C:\WINDOWS\SYSTEM32\ntdll.dll
0x00007ffd6b390000 - 0x00007ffd6b458000 	C:\WINDOWS\System32\KERNEL32.DLL
0x00007ffd69bb0000 - 0x00007ffd69f62000 	C:\WINDOWS\System32\KERNELBASE.dll
0x00007ffd69a60000 - 0x00007ffd69bab000 	C:\WINDOWS\System32\ucrtbase.dll
0x00007ffd4ff00000 - 0x00007ffd4ff19000 	D:\Downloads\Applications\sts-4.18.1.RELEASE\plugins\org.eclipse.justj.openjdk.hotspot.jre.full.win32.x86_64_17.0.7.v20230425-1502\jre\bin\VCRUNTIME140.dll
0x00007ffd5b200000 - 0x00007ffd5b217000 	D:\Downloads\Applications\sts-4.18.1.RELEASE\plugins\org.eclipse.justj.openjdk.hotspot.jre.full.win32.x86_64_17.0.7.v20230425-1502\jre\bin\jli.dll
0x00007ffd6c2b0000 - 0x00007ffd6c478000 	C:\WINDOWS\System32\USER32.dll
0x00007ffd58d40000 - 0x00007ffd58fd0000 	C:\WINDOWS\WinSxS\amd64_microsoft.windows.common-controls_6595b64144ccf1df_6.0.26100.2454_none_3e0b68a2e331ad60\COMCTL32.dll
0x00007ffd6a030000 - 0x00007ffd6a057000 	C:\WINDOWS\System32\win32u.dll
0x00007ffd6ade0000 - 0x00007ffd6ae89000 	C:\WINDOWS\System32\msvcrt.dll
0x00007ffd6c280000 - 0x00007ffd6c2aa000 	C:\WINDOWS\System32\GDI32.dll
0x00007ffd69890000 - 0x00007ffd699bb000 	C:\WINDOWS\System32\gdi32full.dll
0x00007ffd6a270000 - 0x00007ffd6a313000 	C:\WINDOWS\System32\msvcp_win.dll
0x00007ffd6ba30000 - 0x00007ffd6ba5f000 	C:\WINDOWS\System32\IMM32.DLL
0x00007ffd5e470000 - 0x00007ffd5e47c000 	D:\Downloads\Applications\sts-4.18.1.RELEASE\plugins\org.eclipse.justj.openjdk.hotspot.jre.full.win32.x86_64_17.0.7.v20230425-1502\jre\bin\vcruntime140_1.dll
0x00007ffd2e110000 - 0x00007ffd2e1a1000 	D:\Downloads\Applications\sts-4.18.1.RELEASE\plugins\org.eclipse.justj.openjdk.hotspot.jre.full.win32.x86_64_17.0.7.v20230425-1502\jre\bin\msvcp140.dll
0x00007ffd13da0000 - 0x00007ffd149e8000 	D:\Downloads\Applications\sts-4.18.1.RELEASE\plugins\org.eclipse.justj.openjdk.hotspot.jre.full.win32.x86_64_17.0.7.v20230425-1502\jre\bin\server\jvm.dll
0x00007ffd6a920000 - 0x00007ffd6a9d4000 	C:\WINDOWS\System32\ADVAPI32.dll
0x00007ffd6a690000 - 0x00007ffd6a736000 	C:\WINDOWS\System32\sechost.dll
0x00007ffd6a320000 - 0x00007ffd6a436000 	C:\WINDOWS\System32\RPCRT4.dll
0x00007ffd59c40000 - 0x00007ffd59c76000 	C:\WINDOWS\SYSTEM32\WINMM.dll
0x00007ffd5bf90000 - 0x00007ffd5bf9b000 	C:\WINDOWS\SYSTEM32\VERSION.dll
0x00007ffd4faf0000 - 0x00007ffd4fafa000 	C:\WINDOWS\SYSTEM32\WSOCK32.dll
0x00007ffd6a440000 - 0x00007ffd6a4b4000 	C:\WINDOWS\System32\WS2_32.dll
0x00007ffd687a0000 - 0x00007ffd687ba000 	C:\WINDOWS\SYSTEM32\kernel.appcore.dll
0x00007ffd5eec0000 - 0x00007ffd5eeca000 	D:\Downloads\Applications\sts-4.18.1.RELEASE\plugins\org.eclipse.justj.openjdk.hotspot.jre.full.win32.x86_64_17.0.7.v20230425-1502\jre\bin\jimage.dll
0x00007ffd63820000 - 0x00007ffd63a61000 	C:\WINDOWS\SYSTEM32\DBGHELP.DLL
0x00007ffd6af70000 - 0x00007ffd6b2ee000 	C:\WINDOWS\System32\combase.dll
0x00007ffd6aa90000 - 0x00007ffd6ab66000 	C:\WINDOWS\System32\OLEAUT32.dll
0x00007ffd538e0000 - 0x00007ffd53919000 	C:\WINDOWS\SYSTEM32\dbgcore.DLL
0x00007ffd699c0000 - 0x00007ffd69a59000 	C:\WINDOWS\System32\bcryptPrimitives.dll
0x00007ffd3e090000 - 0x00007ffd3e0b5000 	D:\Downloads\Applications\sts-4.18.1.RELEASE\plugins\org.eclipse.justj.openjdk.hotspot.jre.full.win32.x86_64_17.0.7.v20230425-1502\jre\bin\java.dll
0x00007ffd59700000 - 0x00007ffd59718000 	D:\Downloads\Applications\sts-4.18.1.RELEASE\plugins\org.eclipse.justj.openjdk.hotspot.jre.full.win32.x86_64_17.0.7.v20230425-1502\jre\bin\zip.dll
0x00007ffd6ba70000 - 0x00007ffd6c170000 	C:\WINDOWS\System32\SHELL32.dll
0x00007ffd675a0000 - 0x00007ffd67dd1000 	C:\WINDOWS\SYSTEM32\windows.storage.dll
0x00007ffd6ae90000 - 0x00007ffd6af6a000 	C:\WINDOWS\System32\SHCORE.dll
0x00007ffd6b320000 - 0x00007ffd6b37d000 	C:\WINDOWS\System32\shlwapi.dll
0x00007ffd697a0000 - 0x00007ffd697ce000 	C:\WINDOWS\SYSTEM32\profapi.dll
0x00007ffd56900000 - 0x00007ffd56919000 	D:\Downloads\Applications\sts-4.18.1.RELEASE\plugins\org.eclipse.justj.openjdk.hotspot.jre.full.win32.x86_64_17.0.7.v20230425-1502\jre\bin\net.dll
0x00007ffd5eb00000 - 0x00007ffd5ec26000 	C:\WINDOWS\SYSTEM32\WINHTTP.dll
0x00007ffd68c80000 - 0x00007ffd68ce8000 	C:\WINDOWS\system32\mswsock.dll
0x00007ffd60460000 - 0x00007ffd60475000 	D:\Downloads\Applications\sts-4.18.1.RELEASE\plugins\org.eclipse.justj.openjdk.hotspot.jre.full.win32.x86_64_17.0.7.v20230425-1502\jre\bin\nio.dll
0x00007ffd60f70000 - 0x00007ffd60f79000 	D:\Downloads\Applications\sts-4.18.1.RELEASE\plugins\org.eclipse.justj.openjdk.hotspot.jre.full.win32.x86_64_17.0.7.v20230425-1502\jre\bin\management.dll
0x00007ffd60f60000 - 0x00007ffd60f6b000 	D:\Downloads\Applications\sts-4.18.1.RELEASE\plugins\org.eclipse.justj.openjdk.hotspot.jre.full.win32.x86_64_17.0.7.v20230425-1502\jre\bin\management_ext.dll
0x00007ffd6b380000 - 0x00007ffd6b388000 	C:\WINDOWS\System32\PSAPI.DLL
0x00007ffd68140000 - 0x00007ffd68172000 	C:\WINDOWS\SYSTEM32\IPHLPAPI.DLL
0x00007ffd6ad10000 - 0x00007ffd6ad1a000 	C:\WINDOWS\System32\NSI.dll
0x00007ffd5f110000 - 0x00007ffd5f12e000 	C:\WINDOWS\SYSTEM32\dhcpcsvc6.DLL
0x00007ffd5e6e0000 - 0x00007ffd5e705000 	C:\WINDOWS\SYSTEM32\dhcpcsvc.DLL
0x00007ffd681d0000 - 0x00007ffd682f5000 	C:\WINDOWS\SYSTEM32\DNSAPI.dll
0x00007ffd5d400000 - 0x00007ffd5d40b000 	C:\Windows\System32\rasadhlp.dll
0x00007ffd5d8d0000 - 0x00007ffd5d955000 	C:\WINDOWS\System32\fwpuclnt.dll
0x00007ffd5ecf0000 - 0x00007ffd5ecfe000 	D:\Downloads\Applications\sts-4.18.1.RELEASE\plugins\org.eclipse.justj.openjdk.hotspot.jre.full.win32.x86_64_17.0.7.v20230425-1502\jre\bin\sunmscapi.dll
0x00007ffd6a060000 - 0x00007ffd6a1d6000 	C:\WINDOWS\System32\CRYPT32.dll
0x00007ffd69110000 - 0x00007ffd69140000 	C:\WINDOWS\SYSTEM32\ncrypt.dll
0x00007ffd690c0000 - 0x00007ffd690ff000 	C:\WINDOWS\SYSTEM32\NTASN1.dll
0x00007ffd68fc0000 - 0x00007ffd68fdc000 	C:\WINDOWS\SYSTEM32\CRYPTSP.dll
0x00007ffd68700000 - 0x00007ffd68738000 	C:\WINDOWS\system32\rsaenh.dll
0x00007ffd68d20000 - 0x00007ffd68d4b000 	C:\WINDOWS\SYSTEM32\USERENV.dll
0x00007ffd69150000 - 0x00007ffd69176000 	C:\WINDOWS\SYSTEM32\bcrypt.dll
0x00007ffd68eb0000 - 0x00007ffd68ebc000 	C:\WINDOWS\SYSTEM32\CRYPTBASE.dll
0x00007ffd61040000 - 0x00007ffd61050000 	D:\Downloads\Applications\sts-4.18.1.RELEASE\plugins\org.eclipse.justj.openjdk.hotspot.jre.full.win32.x86_64_17.0.7.v20230425-1502\jre\bin\verify.dll
0x00007ffcf7e20000 - 0x00007ffcf7e28000 	C:\WINDOWS\system32\wshunix.dll

dbghelp: loaded successfully - version: 4.0.5 - missing functions: none
symbol engine: initialized successfully - sym options: 0x614 - pdb path: .;D:\Downloads\Applications\sts-4.18.1.RELEASE\plugins\org.eclipse.justj.openjdk.hotspot.jre.full.win32.x86_64_17.0.7.v20230425-1502\jre\bin;C:\WINDOWS\SYSTEM32;C:\WINDOWS\WinSxS\amd64_microsoft.windows.common-controls_6595b64144ccf1df_6.0.26100.2454_none_3e0b68a2e331ad60;D:\Downloads\Applications\sts-4.18.1.RELEASE\plugins\org.eclipse.justj.openjdk.hotspot.jre.full.win32.x86_64_17.0.7.v20230425-1502\jre\bin\server

VM Arguments:
jvm_args: -Dfile.encoding=UTF-8 -XX:+ShowCodeDetailsInExceptionMessages 
java_command: com.security.SecurityServiceApplication
java_class_path (initial): C:\Users\user\ninesoftech\Security-Service\target\classes;C:\Users\user\.m2\repository\org\springframework\boot\spring-boot-starter-data-jpa\3.4.0\spring-boot-starter-data-jpa-3.4.0.jar;C:\Users\user\.m2\repository\org\springframework\boot\spring-boot-starter-jdbc\3.4.0\spring-boot-starter-jdbc-3.4.0.jar;C:\Users\user\.m2\repository\com\zaxxer\HikariCP\5.1.0\HikariCP-5.1.0.jar;C:\Users\user\.m2\repository\org\springframework\spring-jdbc\6.2.0\spring-jdbc-6.2.0.jar;C:\Users\user\.m2\repository\org\hibernate\orm\hibernate-core\6.6.2.Final\hibernate-core-6.6.2.Final.jar;C:\Users\user\.m2\repository\jakarta\persistence\jakarta.persistence-api\3.1.0\jakarta.persistence-api-3.1.0.jar;C:\Users\user\.m2\repository\jakarta\transaction\jakarta.transaction-api\2.0.1\jakarta.transaction-api-2.0.1.jar;C:\Users\user\.m2\repository\org\jboss\logging\jboss-logging\3.6.1.Final\jboss-logging-3.6.1.Final.jar;C:\Users\user\.m2\repository\org\hibernate\common\hibernate-commons-annotations\7.0.3.Final\hibernate-commons-annotations-7.0.3.Final.jar;C:\Users\user\.m2\repository\io\smallrye\jandex\3.2.0\jandex-3.2.0.jar;C:\Users\user\.m2\repository\com\fasterxml\classmate\1.7.0\classmate-1.7.0.jar;C:\Users\user\.m2\repository\net\bytebuddy\byte-buddy\1.15.10\byte-buddy-1.15.10.jar;C:\Users\user\.m2\repository\org\glassfish\jaxb\jaxb-runtime\4.0.5\jaxb-runtime-4.0.5.jar;C:\Users\user\.m2\repository\org\glassfish\jaxb\jaxb-core\4.0.5\jaxb-core-4.0.5.jar;C:\Users\user\.m2\repository\org\eclipse\angus\angus-activation\2.0.2\angus-activation-2.0.2.jar;C:\Users\user\.m2\repository\org\glassfish\jaxb\txw2\4.0.5\txw2-4.0.5.jar;C:\Users\user\.m2\repository\com\sun\istack\istack-commons-runtime\4.1.2\istack-commons-runtime-4.1.2.jar;C:\Users\user\.m2\repository\jakarta\inject\jakarta.inject-api\2.0.1\jakarta.inject-api-2.0.1.jar;C:\Users\user\.m2\repository\org\antlr\antlr4-runtime\4.13.0\antlr4-runtime-4.13.0.jar;C:\Users\user\.m2\repository\org\springframework\data\sprin
Launcher Type: SUN_STANDARD

[Global flags]
     intx CICompilerCount                          = 4                                         {product} {ergonomic}
     uint ConcGCThreads                            = 2                                         {product} {ergonomic}
     uint G1ConcRefinementThreads                  = 8                                         {product} {ergonomic}
   size_t G1HeapRegionSize                         = 1048576                                   {product} {ergonomic}
    uintx GCDrainStackTargetSize                   = 64                                        {product} {ergonomic}
   size_t InitialHeapSize                          = 132120576                                 {product} {ergonomic}
   size_t MarkStackSize                            = 4194304                                   {product} {ergonomic}
   size_t MaxHeapSize                              = 2111832064                                {product} {ergonomic}
   size_t MaxNewSize                               = 1266679808                                {product} {ergonomic}
   size_t MinHeapDeltaBytes                        = 1048576                                   {product} {ergonomic}
   size_t MinHeapSize                              = 8388608                                   {product} {ergonomic}
    uintx NonNMethodCodeHeapSize                   = 5839372                                {pd product} {ergonomic}
    uintx NonProfiledCodeHeapSize                  = 122909434                              {pd product} {ergonomic}
    uintx ProfiledCodeHeapSize                     = 122909434                              {pd product} {ergonomic}
    uintx ReservedCodeCacheSize                    = 251658240                              {pd product} {ergonomic}
     bool SegmentedCodeCache                       = true                                      {product} {ergonomic}
     bool ShowCodeDetailsInExceptionMessages       = true                                   {manageable} {command line}
   size_t SoftMaxHeapSize                          = 2111832064                             {manageable} {ergonomic}
     bool UseCompressedClassPointers               = true                           {product lp64_product} {ergonomic}
     bool UseCompressedOops                        = true                           {product lp64_product} {ergonomic}
     bool UseG1GC                                  = true                                      {product} {ergonomic}
     bool UseLargePagesIndividualAllocation        = false                                  {pd product} {ergonomic}

Logging:
Log output configuration:
 #0: stdout all=warning uptime,level,tags
 #1: stderr all=off uptime,level,tags

Environment Variables:
JAVA_HOME=C:\Program Files\Java\jdk-20
PATH=D:/Downloads/Applications/sts-4.18.1.RELEASE//plugins/org.eclipse.justj.openjdk.hotspot.jre.full.win32.x86_64_17.0.7.v20230425-1502/jre/bin/server;D:/Downloads/Applications/sts-4.18.1.RELEASE//plugins/org.eclipse.justj.openjdk.hotspot.jre.full.win32.x86_64_17.0.7.v20230425-1502/jre/bin;C:\Program Files\Common Files\Oracle\Java\javapath;C:\WINDOWS\system32;C:\WINDOWS;C:\WINDOWS\System32\Wbem;C:\WINDOWS\System32\WindowsPowerShell\v1.0\;C:\WINDOWS\System32\OpenSSH\;C:\Program Files\dotnet\;C:\Program Files\Git\cmd;C:\Program Files (x86)\Intel\Intel(R) Management Engine Components\DAL;C:\Program Files\Intel\Intel(R) Management Engine Components\DAL;C:\Program Files\Intel\WiFi\bin\;C:\Program Files\Common Files\Intel\WirelessCommon\;C:\Program Files\MongoDB\Server\7.0\bin;;C:\Program Files\Docker\Docker\resources\bin;C:\Program Files\MySQL\MySQL Shell 8.0\bin\;C:\Users\user\AppData\Local\Microsoft\WindowsApps;C:\Program Files\JetBrains\IntelliJ IDEA Community Edition 2022.2.2\bin;;C:\Users\user\AppData\Local\Programs\Microsoft VS Code\bin;C:\Users\user\AppData\Local\Programs\mongosh\;;D:\Downloads\Applications\sts-4.18.1.RELEASE;
USERNAME=user
OS=Windows_NT
PROCESSOR_IDENTIFIER=Intel64 Family 6 Model 142 Stepping 10, GenuineIntel
TMP=C:\Users\user\AppData\Local\Temp
TEMP=C:\Users\user\AppData\Local\Temp



---------------  S Y S T E M  ---------------

OS:
 Windows 11 , 64 bit Build 26100 (10.0.26100.2454)
OS uptime: 2 days 0:43 hours
Hyper-V role detected

CPU: total 8 (initial active 8) (4 cores per cpu, 2 threads per core) family 6 model 142 stepping 10 microcode 0xf6, cx8, cmov, fxsr, ht, mmx, 3dnowpref, sse, sse2, sse3, ssse3, sse4.1, sse4.2, popcnt, lzcnt, tsc, tscinvbit, avx, avx2, aes, erms, clmul, bmi1, bmi2, rtm, adx, fma, vzeroupper, clflush, clflushopt, hv

Memory: 4k page, system-wide physical 8050M (704M free)
TotalPageFile size 20420M (AvailPageFile size 14M)
current process WorkingSet (physical memory assigned to process): 301M, peak: 324M
current process commit charge ("private bytes"): 348M, peak: 356M

vm_info: OpenJDK 64-Bit Server VM (17.0.7+7) for windows-amd64 JRE (17.0.7+7), built on Apr 18 2023 22:10:42 by "temurin" with MS VC++ 16.7 (VS2019)

END.
